[ 2014-09-28T16:32:44+08:00 ] ::1 /commission/
INFO: [ app_init ] --START--
INFO: Run Behavior\BuildLiteBehavior [ RunTime:0.000027s ]
INFO: [ app_init ] --END-- [ RunTime:0.067641s ]
INFO: [ app_begin ] --START--
INFO: Run Behavior\ReadHtmlCacheBehavior [ RunTime:0.030581s ]
INFO: [ app_begin ] --END-- [ RunTime:0.030693s ]
INFO: [ view_parse ] --START--
INFO: [ template_filter ] --START--
INFO: Run Behavior\ContentReplaceBehavior [ RunTime:0.000063s ]
INFO: [ template_filter ] --END-- [ RunTime:0.000133s ]
INFO: Run Behavior\ParseTemplateBehavior [ RunTime:0.217383s ]
INFO: [ view_parse ] --END-- [ RunTime:0.217521s ]
INFO: [ view_filter ] --START--
INFO: Run Behavior\WriteHtmlCacheBehavior [ RunTime:0.013355s ]
INFO: [ view_filter ] --END-- [ RunTime:0.013437s ]
INFO: [ app_end ] --START--
INFO: Run Behavior\ShowPageTraceBehavior [ RunTime:0.019326s ]
INFO: [ app_end ] --END-- [ RunTime:0.019389s ]

[ 2014-09-28T16:33:29+08:00 ] ::1 /commission/
INFO: [ app_init ] --START--
INFO: Run Behavior\BuildLiteBehavior [ RunTime:0.000018s ]
INFO: [ app_init ] --END-- [ RunTime:0.000562s ]
INFO: [ app_begin ] --START--
INFO: Run Behavior\ReadHtmlCacheBehavior [ RunTime:0.000583s ]
INFO: [ app_begin ] --END-- [ RunTime:0.000645s ]
INFO: [ view_parse ] --START--
INFO: [ template_filter ] --START--
INFO: Run Behavior\ContentReplaceBehavior [ RunTime:0.000061s ]
INFO: [ template_filter ] --END-- [ RunTime:0.000128s ]
INFO: Run Behavior\ParseTemplateBehavior [ RunTime:0.013693s ]
INFO: [ view_parse ] --END-- [ RunTime:0.013787s ]
INFO: [ view_filter ] --START--
INFO: Run Behavior\WriteHtmlCacheBehavior [ RunTime:0.000201s ]
INFO: [ view_filter ] --END-- [ RunTime:0.000240s ]
INFO: [ app_end ] --START--
INFO: Run Behavior\ShowPageTraceBehavior [ RunTime:0.000449s ]
INFO: [ app_end ] --END-- [ RunTime:0.000491s ]

[ 2014-09-28T16:33:32+08:00 ] ::1 /commission/
INFO: [ app_init ] --START--
INFO: Run Behavior\BuildLiteBehavior [ RunTime:0.000022s ]
INFO: [ app_init ] --END-- [ RunTime:0.000529s ]
INFO: [ app_begin ] --START--
INFO: Run Behavior\ReadHtmlCacheBehavior [ RunTime:0.000572s ]
INFO: [ app_begin ] --END-- [ RunTime:0.000646s ]
INFO: [ view_parse ] --START--
INFO: [ template_filter ] --START--
INFO: Run Behavior\ContentReplaceBehavior [ RunTime:0.000078s ]
INFO: [ template_filter ] --END-- [ RunTime:0.000175s ]
INFO: Run Behavior\ParseTemplateBehavior [ RunTime:0.008108s ]
INFO: [ view_parse ] --END-- [ RunTime:0.008203s ]
INFO: [ view_filter ] --START--
INFO: Run Behavior\WriteHtmlCacheBehavior [ RunTime:0.000316s ]
INFO: [ view_filter ] --END-- [ RunTime:0.000381s ]
INFO: [ app_end ] --START--
INFO: Run Behavior\ShowPageTraceBehavior [ RunTime:0.000715s ]
INFO: [ app_end ] --END-- [ RunTime:0.000780s ]

[ 2014-09-28T16:33:44+08:00 ] ::1 /commission/
INFO: [ app_init ] --START--
INFO: Run Behavior\BuildLiteBehavior [ RunTime:0.000021s ]
INFO: [ app_init ] --END-- [ RunTime:0.000388s ]
INFO: [ app_begin ] --START--
INFO: Run Behavior\ReadHtmlCacheBehavior [ RunTime:0.000599s ]
INFO: [ app_begin ] --END-- [ RunTime:0.000669s ]
INFO: [ view_parse ] --START--
INFO: [ template_filter ] --START--
INFO: Run Behavior\ContentReplaceBehavior [ RunTime:0.000063s ]
INFO: [ template_filter ] --END-- [ RunTime:0.000141s ]
INFO: Run Behavior\ParseTemplateBehavior [ RunTime:0.006372s ]
INFO: [ view_parse ] --END-- [ RunTime:0.006458s ]
INFO: [ view_filter ] --START--
INFO: Run Behavior\WriteHtmlCacheBehavior [ RunTime:0.000276s ]
INFO: [ view_filter ] --END-- [ RunTime:0.000340s ]
INFO: [ app_end ] --START--
INFO: Run Behavior\ShowPageTraceBehavior [ RunTime:0.000458s ]
INFO: [ app_end ] --END-- [ RunTime:0.000510s ]

[ 2014-09-28T16:49:46+08:00 ] ::1 /commission/index.php/Home/Index/checkLogin
INFO: [ app_init ] --START--
INFO: Run Behavior\BuildLiteBehavior [ RunTime:0.000019s ]
INFO: [ app_init ] --END-- [ RunTime:0.000499s ]
INFO: [ app_begin ] --START--
INFO: Run Behavior\ReadHtmlCacheBehavior [ RunTime:0.000540s ]
INFO: [ app_begin ] --END-- [ RunTime:0.000605s ]

[ 2014-09-28T16:49:47+08:00 ] ::1 /commission/index.php/Home/Index/loadHomePage
INFO: [ app_init ] --START--
INFO: Run Behavior\BuildLiteBehavior [ RunTime:0.000019s ]
INFO: [ app_init ] --END-- [ RunTime:0.000420s ]
INFO: [ app_begin ] --START--
INFO: Run Behavior\ReadHtmlCacheBehavior [ RunTime:0.000412s ]
INFO: [ app_begin ] --END-- [ RunTime:0.000465s ]
INFO: [ view_parse ] --START--
INFO: [ template_filter ] --START--
INFO: Run Behavior\ContentReplaceBehavior [ RunTime:0.000078s ]
INFO: [ template_filter ] --END-- [ RunTime:0.000145s ]
INFO: Run Behavior\ParseTemplateBehavior [ RunTime:0.038126s ]
INFO: [ view_parse ] --END-- [ RunTime:0.038189s ]
INFO: [ view_filter ] --START--
INFO: Run Behavior\WriteHtmlCacheBehavior [ RunTime:0.000261s ]
INFO: [ view_filter ] --END-- [ RunTime:0.000311s ]
INFO: [ app_end ] --START--
INFO: Run Behavior\ShowPageTraceBehavior [ RunTime:0.000504s ]
INFO: [ app_end ] --END-- [ RunTime:0.000548s ]

[ 2014-09-28T17:15:01+08:00 ] ::1 /commission/
INFO: [ app_init ] --START--
INFO: Run Behavior\BuildLiteBehavior [ RunTime:0.000014s ]
INFO: [ app_init ] --END-- [ RunTime:0.000386s ]
INFO: [ app_begin ] --START--
INFO: Run Behavior\ReadHtmlCacheBehavior [ RunTime:0.000435s ]
INFO: [ app_begin ] --END-- [ RunTime:0.000484s ]
INFO: [ view_parse ] --START--
INFO: [ template_filter ] --START--
INFO: Run Behavior\ContentReplaceBehavior [ RunTime:0.000069s ]
INFO: [ template_filter ] --END-- [ RunTime:0.000131s ]
INFO: Run Behavior\ParseTemplateBehavior [ RunTime:0.023291s ]
INFO: [ view_parse ] --END-- [ RunTime:0.023355s ]
INFO: [ view_filter ] --START--
INFO: Run Behavior\WriteHtmlCacheBehavior [ RunTime:0.000259s ]
INFO: [ view_filter ] --END-- [ RunTime:0.000301s ]
INFO: [ app_end ] --START--
INFO: Run Behavior\ShowPageTraceBehavior [ RunTime:0.000499s ]
INFO: [ app_end ] --END-- [ RunTime:0.000540s ]

[ 2014-09-28T17:15:03+08:00 ] ::1 /commission/index.php/Home/Index/checkLogin
INFO: [ app_init ] --START--
INFO: Run Behavior\BuildLiteBehavior [ RunTime:0.000014s ]
INFO: [ app_init ] --END-- [ RunTime:0.000347s ]
INFO: [ app_begin ] --START--
INFO: Run Behavior\ReadHtmlCacheBehavior [ RunTime:0.000446s ]
INFO: [ app_begin ] --END-- [ RunTime:0.000500s ]
INFO: [ app_end ] --START--
INFO: Run Behavior\ShowPageTraceBehavior [ RunTime:0.000415s ]
INFO: [ app_end ] --END-- [ RunTime:0.000465s ]

[ 2014-09-28T17:15:08+08:00 ] ::1 /commission/
INFO: [ app_init ] --START--
INFO: Run Behavior\BuildLiteBehavior [ RunTime:0.000022s ]
INFO: [ app_init ] --END-- [ RunTime:0.000599s ]
INFO: [ app_begin ] --START--
INFO: Run Behavior\ReadHtmlCacheBehavior [ RunTime:0.000786s ]
INFO: [ app_begin ] --END-- [ RunTime:0.000876s ]
INFO: [ view_parse ] --START--
INFO: [ template_filter ] --START--
INFO: Run Behavior\ContentReplaceBehavior [ RunTime:0.000055s ]
INFO: [ template_filter ] --END-- [ RunTime:0.000115s ]
INFO: Run Behavior\ParseTemplateBehavior [ RunTime:0.006904s ]
INFO: [ view_parse ] --END-- [ RunTime:0.006969s ]
INFO: [ view_filter ] --START--
INFO: Run Behavior\WriteHtmlCacheBehavior [ RunTime:0.000197s ]
INFO: [ view_filter ] --END-- [ RunTime:0.000236s ]
INFO: [ app_end ] --START--
INFO: Run Behavior\ShowPageTraceBehavior [ RunTime:0.000443s ]
INFO: [ app_end ] --END-- [ RunTime:0.000492s ]

[ 2014-09-28T17:15:16+08:00 ] ::1 /commission/index.php/Home/Index/checkLogin
INFO: [ app_init ] --START--
INFO: Run Behavior\BuildLiteBehavior [ RunTime:0.000014s ]
INFO: [ app_init ] --END-- [ RunTime:0.000386s ]
INFO: [ app_begin ] --START--
INFO: Run Behavior\ReadHtmlCacheBehavior [ RunTime:0.000470s ]
INFO: [ app_begin ] --END-- [ RunTime:0.000545s ]
INFO: [ app_end ] --START--
INFO: Run Behavior\ShowPageTraceBehavior [ RunTime:0.000537s ]
INFO: [ app_end ] --END-- [ RunTime:0.000605s ]

[ 2014-09-28T17:15:59+08:00 ] ::1 /commission/
INFO: [ app_init ] --START--
INFO: Run Behavior\BuildLiteBehavior [ RunTime:0.000015s ]
INFO: [ app_init ] --END-- [ RunTime:0.000396s ]
INFO: [ app_begin ] --START--
INFO: Run Behavior\ReadHtmlCacheBehavior [ RunTime:0.000707s ]
INFO: [ app_begin ] --END-- [ RunTime:0.000855s ]
INFO: [ view_parse ] --START--
INFO: [ template_filter ] --START--
INFO: Run Behavior\ContentReplaceBehavior [ RunTime:0.000069s ]
INFO: [ template_filter ] --END-- [ RunTime:0.000135s ]
INFO: Run Behavior\ParseTemplateBehavior [ RunTime:0.007011s ]
INFO: [ view_parse ] --END-- [ RunTime:0.007095s ]
INFO: [ view_filter ] --START--
INFO: Run Behavior\WriteHtmlCacheBehavior [ RunTime:0.000236s ]
INFO: [ view_filter ] --END-- [ RunTime:0.000283s ]
INFO: [ app_end ] --START--
INFO: Run Behavior\ShowPageTraceBehavior [ RunTime:0.000491s ]
INFO: [ app_end ] --END-- [ RunTime:0.000542s ]

[ 2014-09-28T17:16:01+08:00 ] ::1 /commission/index.php/Home/Index/checkLogin
INFO: [ app_init ] --START--
INFO: Run Behavior\BuildLiteBehavior [ RunTime:0.000014s ]
INFO: [ app_init ] --END-- [ RunTime:0.000368s ]
INFO: [ app_begin ] --START--
INFO: Run Behavior\ReadHtmlCacheBehavior [ RunTime:0.000438s ]
INFO: [ app_begin ] --END-- [ RunTime:0.000501s ]
INFO: [ app_end ] --START--
INFO: Run Behavior\ShowPageTraceBehavior [ RunTime:0.000414s ]
INFO: [ app_end ] --END-- [ RunTime:0.000481s ]

[ 2014-09-28T17:19:56+08:00 ] ::1 /commission/index.php/Home/Index/checkLogin
INFO: [ app_init ] --START--
INFO: Run Behavior\BuildLiteBehavior [ RunTime:0.000022s ]
INFO: [ app_init ] --END-- [ RunTime:0.000617s ]
INFO: [ app_begin ] --START--
INFO: Run Behavior\ReadHtmlCacheBehavior [ RunTime:0.001133s ]
INFO: [ app_begin ] --END-- [ RunTime:0.001249s ]
INFO: [ app_end ] --START--
INFO: Run Behavior\ShowPageTraceBehavior [ RunTime:0.000647s ]
INFO: [ app_end ] --END-- [ RunTime:0.000740s ]

[ 2014-09-28T17:28:26+08:00 ] ::1 /commission/
INFO: [ app_init ] --START--
INFO: Run Behavior\BuildLiteBehavior [ RunTime:0.000016s ]
INFO: [ app_init ] --END-- [ RunTime:0.000485s ]
INFO: [ app_begin ] --START--
INFO: Run Behavior\ReadHtmlCacheBehavior [ RunTime:0.000554s ]
INFO: [ app_begin ] --END-- [ RunTime:0.000618s ]
INFO: [ view_parse ] --START--
INFO: [ template_filter ] --START--
INFO: Run Behavior\ContentReplaceBehavior [ RunTime:0.000060s ]
INFO: [ template_filter ] --END-- [ RunTime:0.000126s ]
INFO: Run Behavior\ParseTemplateBehavior [ RunTime:0.017081s ]
INFO: [ view_parse ] --END-- [ RunTime:0.017152s ]
INFO: [ view_filter ] --START--
INFO: Run Behavior\WriteHtmlCacheBehavior [ RunTime:0.000267s ]
INFO: [ view_filter ] --END-- [ RunTime:0.000308s ]
INFO: [ app_end ] --START--
INFO: Run Behavior\ShowPageTraceBehavior [ RunTime:0.000478s ]
INFO: [ app_end ] --END-- [ RunTime:0.000519s ]

[ 2014-09-28T17:28:28+08:00 ] ::1 /commission/index.php/Home/Index/checkLogin
INFO: [ app_init ] --START--
INFO: Run Behavior\BuildLiteBehavior [ RunTime:0.000017s ]
INFO: [ app_init ] --END-- [ RunTime:0.000533s ]
INFO: [ app_begin ] --START--
INFO: Run Behavior\ReadHtmlCacheBehavior [ RunTime:0.000520s ]
INFO: [ app_begin ] --END-- [ RunTime:0.000616s ]
INFO: [ app_end ] --START--
INFO: Run Behavior\ShowPageTraceBehavior [ RunTime:0.000532s ]
INFO: [ app_end ] --END-- [ RunTime:0.000584s ]

[ 2014-09-28T17:31:33+08:00 ] ::1 /commission/
INFO: [ app_init ] --START--
INFO: Run Behavior\BuildLiteBehavior [ RunTime:0.000023s ]
INFO: [ app_init ] --END-- [ RunTime:0.000579s ]
INFO: [ app_begin ] --START--
INFO: Run Behavior\ReadHtmlCacheBehavior [ RunTime:0.000621s ]
INFO: [ app_begin ] --END-- [ RunTime:0.000706s ]
INFO: [ view_parse ] --START--
INFO: [ template_filter ] --START--
INFO: Run Behavior\ContentReplaceBehavior [ RunTime:0.000077s ]
INFO: [ template_filter ] --END-- [ RunTime:0.000167s ]
INFO: Run Behavior\ParseTemplateBehavior [ RunTime:0.185522s ]
INFO: [ view_parse ] --END-- [ RunTime:0.185686s ]
INFO: [ view_filter ] --START--
INFO: Run Behavior\WriteHtmlCacheBehavior [ RunTime:0.000758s ]
INFO: [ view_filter ] --END-- [ RunTime:0.000873s ]
INFO: [ app_end ] --START--
INFO: Run Behavior\ShowPageTraceBehavior [ RunTime:0.001331s ]
INFO: [ app_end ] --END-- [ RunTime:0.001461s ]

[ 2014-09-28T17:31:35+08:00 ] ::1 /commission/index.php/Home/Index/checkLogin
INFO: [ app_init ] --START--
INFO: Run Behavior\BuildLiteBehavior [ RunTime:0.000014s ]
INFO: [ app_init ] --END-- [ RunTime:0.000365s ]
INFO: [ app_begin ] --START--
INFO: Run Behavior\ReadHtmlCacheBehavior [ RunTime:0.000491s ]
INFO: [ app_begin ] --END-- [ RunTime:0.000556s ]
INFO: [ app_end ] --START--
INFO: Run Behavior\ShowPageTraceBehavior [ RunTime:0.000448s ]
INFO: [ app_end ] --END-- [ RunTime:0.000502s ]

[ 2014-09-28T17:34:10+08:00 ] ::1 /commission/
INFO: [ app_init ] --START--
INFO: Run Behavior\BuildLiteBehavior [ RunTime:0.000019s ]
INFO: [ app_init ] --END-- [ RunTime:0.000565s ]
INFO: [ app_begin ] --START--
INFO: Run Behavior\ReadHtmlCacheBehavior [ RunTime:0.000631s ]
INFO: [ app_begin ] --END-- [ RunTime:0.000721s ]
INFO: [ view_parse ] --START--
INFO: [ template_filter ] --START--
INFO: Run Behavior\ContentReplaceBehavior [ RunTime:0.000076s ]
INFO: [ template_filter ] --END-- [ RunTime:0.000195s ]
INFO: Run Behavior\ParseTemplateBehavior [ RunTime:0.016753s ]
INFO: [ view_parse ] --END-- [ RunTime:0.016834s ]
INFO: [ view_filter ] --START--
INFO: Run Behavior\WriteHtmlCacheBehavior [ RunTime:0.000262s ]
INFO: [ view_filter ] --END-- [ RunTime:0.000302s ]
INFO: [ app_end ] --START--
INFO: Run Behavior\ShowPageTraceBehavior [ RunTime:0.000496s ]
INFO: [ app_end ] --END-- [ RunTime:0.000537s ]

[ 2014-09-28T17:34:12+08:00 ] ::1 /commission/index.php/Home/Index/checkLogin
INFO: [ app_init ] --START--
INFO: Run Behavior\BuildLiteBehavior [ RunTime:0.000014s ]
INFO: [ app_init ] --END-- [ RunTime:0.000357s ]
INFO: [ app_begin ] --START--
INFO: Run Behavior\ReadHtmlCacheBehavior [ RunTime:0.000415s ]
INFO: [ app_begin ] --END-- [ RunTime:0.000467s ]
INFO: [ app_end ] --START--
INFO: Run Behavior\ShowPageTraceBehavior [ RunTime:0.000521s ]
INFO: [ app_end ] --END-- [ RunTime:0.000575s ]

[ 2014-09-28T17:34:50+08:00 ] ::1 /commission/index.php/Home/Index/checkLogin
INFO: [ app_init ] --START--
INFO: Run Behavior\BuildLiteBehavior [ RunTime:0.000014s ]
INFO: [ app_init ] --END-- [ RunTime:0.000359s ]
INFO: [ app_begin ] --START--
INFO: Run Behavior\ReadHtmlCacheBehavior [ RunTime:0.000622s ]
INFO: [ app_begin ] --END-- [ RunTime:0.000717s ]
INFO: [ app_end ] --START--
INFO: Run Behavior\ShowPageTraceBehavior [ RunTime:0.000440s ]
INFO: [ app_end ] --END-- [ RunTime:0.000490s ]

[ 2014-09-28T17:34:59+08:00 ] ::1 /commission/
INFO: [ app_init ] --START--
INFO: Run Behavior\BuildLiteBehavior [ RunTime:0.000020s ]
INFO: [ app_init ] --END-- [ RunTime:0.000533s ]
INFO: [ app_begin ] --START--
INFO: Run Behavior\ReadHtmlCacheBehavior [ RunTime:0.000911s ]
INFO: [ app_begin ] --END-- [ RunTime:0.001028s ]
INFO: [ view_parse ] --START--
INFO: [ template_filter ] --START--
INFO: Run Behavior\ContentReplaceBehavior [ RunTime:0.000080s ]
INFO: [ template_filter ] --END-- [ RunTime:0.000159s ]
INFO: Run Behavior\ParseTemplateBehavior [ RunTime:0.009509s ]
INFO: [ view_parse ] --END-- [ RunTime:0.009642s ]
INFO: [ view_filter ] --START--
INFO: Run Behavior\WriteHtmlCacheBehavior [ RunTime:0.000304s ]
INFO: [ view_filter ] --END-- [ RunTime:0.000359s ]
INFO: [ app_end ] --START--
INFO: Run Behavior\ShowPageTraceBehavior [ RunTime:0.000710s ]
INFO: [ app_end ] --END-- [ RunTime:0.000772s ]

[ 2014-09-28T17:35:16+08:00 ] ::1 /commission/
INFO: [ app_init ] --START--
INFO: Run Behavior\BuildLiteBehavior [ RunTime:0.000014s ]
INFO: [ app_init ] --END-- [ RunTime:0.000406s ]
INFO: [ app_begin ] --START--
INFO: Run Behavior\ReadHtmlCacheBehavior [ RunTime:0.000407s ]
INFO: [ app_begin ] --END-- [ RunTime:0.000471s ]
INFO: [ view_parse ] --START--
INFO: [ template_filter ] --START--
INFO: Run Behavior\ContentReplaceBehavior [ RunTime:0.000064s ]
INFO: [ template_filter ] --END-- [ RunTime:0.000131s ]
INFO: Run Behavior\ParseTemplateBehavior [ RunTime:0.005733s ]
INFO: [ view_parse ] --END-- [ RunTime:0.005797s ]
INFO: [ view_filter ] --START--
INFO: Run Behavior\WriteHtmlCacheBehavior [ RunTime:0.000220s ]
INFO: [ view_filter ] --END-- [ RunTime:0.000260s ]
INFO: [ app_end ] --START--
INFO: Run Behavior\ShowPageTraceBehavior [ RunTime:0.000469s ]
INFO: [ app_end ] --END-- [ RunTime:0.000509s ]

[ 2014-09-28T17:35:24+08:00 ] ::1 /commission/
INFO: [ app_init ] --START--
INFO: Run Behavior\BuildLiteBehavior [ RunTime:0.000026s ]
INFO: [ app_init ] --END-- [ RunTime:0.000581s ]
INFO: [ app_begin ] --START--
INFO: Run Behavior\ReadHtmlCacheBehavior [ RunTime:0.000834s ]
INFO: [ app_begin ] --END-- [ RunTime:0.000966s ]
INFO: [ view_parse ] --START--
INFO: [ template_filter ] --START--
INFO: Run Behavior\ContentReplaceBehavior [ RunTime:0.000102s ]
INFO: [ template_filter ] --END-- [ RunTime:0.000228s ]
INFO: Run Behavior\ParseTemplateBehavior [ RunTime:0.008136s ]
INFO: [ view_parse ] --END-- [ RunTime:0.008227s ]
INFO: [ view_filter ] --START--
INFO: Run Behavior\WriteHtmlCacheBehavior [ RunTime:0.000285s ]
INFO: [ view_filter ] --END-- [ RunTime:0.000340s ]
INFO: [ app_end ] --START--
INFO: Run Behavior\ShowPageTraceBehavior [ RunTime:0.000667s ]
INFO: [ app_end ] --END-- [ RunTime:0.000724s ]

[ 2014-09-28T17:35:35+08:00 ] ::1 /commission/
INFO: [ app_init ] --START--
INFO: Run Behavior\BuildLiteBehavior [ RunTime:0.000021s ]
INFO: [ app_init ] --END-- [ RunTime:0.000556s ]
INFO: [ app_begin ] --START--
INFO: Run Behavior\ReadHtmlCacheBehavior [ RunTime:0.000516s ]
INFO: [ app_begin ] --END-- [ RunTime:0.000577s ]
INFO: [ view_parse ] --START--
INFO: [ template_filter ] --START--
INFO: Run Behavior\ContentReplaceBehavior [ RunTime:0.000079s ]
INFO: [ template_filter ] --END-- [ RunTime:0.000159s ]
INFO: Run Behavior\ParseTemplateBehavior [ RunTime:0.013148s ]
INFO: [ view_parse ] --END-- [ RunTime:0.013242s ]
INFO: [ view_filter ] --START--
INFO: Run Behavior\WriteHtmlCacheBehavior [ RunTime:0.000197s ]
INFO: [ view_filter ] --END-- [ RunTime:0.000237s ]
INFO: [ app_end ] --START--
INFO: Run Behavior\ShowPageTraceBehavior [ RunTime:0.000494s ]
INFO: [ app_end ] --END-- [ RunTime:0.000534s ]

[ 2014-09-28T17:35:48+08:00 ] ::1 /commission/
INFO: [ app_init ] --START--
INFO: Run Behavior\BuildLiteBehavior [ RunTime:0.000017s ]
INFO: [ app_init ] --END-- [ RunTime:0.000459s ]
INFO: [ app_begin ] --START--
INFO: Run Behavior\ReadHtmlCacheBehavior [ RunTime:0.000529s ]
INFO: [ app_begin ] --END-- [ RunTime:0.000593s ]
INFO: [ view_parse ] --START--
INFO: [ template_filter ] --START--
INFO: Run Behavior\ContentReplaceBehavior [ RunTime:0.000080s ]
INFO: [ template_filter ] --END-- [ RunTime:0.000170s ]
INFO: Run Behavior\ParseTemplateBehavior [ RunTime:0.007646s ]
INFO: [ view_parse ] --END-- [ RunTime:0.007737s ]
INFO: [ view_filter ] --START--
INFO: Run Behavior\WriteHtmlCacheBehavior [ RunTime:0.000261s ]
INFO: [ view_filter ] --END-- [ RunTime:0.000311s ]
INFO: [ app_end ] --START--
INFO: Run Behavior\ShowPageTraceBehavior [ RunTime:0.000548s ]
INFO: [ app_end ] --END-- [ RunTime:0.000599s ]

[ 2014-09-28T17:36:05+08:00 ] ::1 /commission/
INFO: [ app_init ] --START--
INFO: Run Behavior\BuildLiteBehavior [ RunTime:0.000019s ]
INFO: [ app_init ] --END-- [ RunTime:0.000410s ]
INFO: [ app_begin ] --START--
INFO: Run Behavior\ReadHtmlCacheBehavior [ RunTime:0.000409s ]
INFO: [ app_begin ] --END-- [ RunTime:0.000462s ]
INFO: [ view_parse ] --START--
INFO: [ template_filter ] --START--
INFO: Run Behavior\ContentReplaceBehavior [ RunTime:0.000056s ]
INFO: [ template_filter ] --END-- [ RunTime:0.000109s ]
INFO: Run Behavior\ParseTemplateBehavior [ RunTime:0.013597s ]
INFO: [ view_parse ] --END-- [ RunTime:0.013661s ]
INFO: [ view_filter ] --START--
INFO: Run Behavior\WriteHtmlCacheBehavior [ RunTime:0.000199s ]
INFO: [ view_filter ] --END-- [ RunTime:0.000239s ]
INFO: [ app_end ] --START--
INFO: Run Behavior\ShowPageTraceBehavior [ RunTime:0.000419s ]
INFO: [ app_end ] --END-- [ RunTime:0.000460s ]

[ 2014-09-28T17:36:22+08:00 ] ::1 /commission/
INFO: [ app_init ] --START--
INFO: Run Behavior\BuildLiteBehavior [ RunTime:0.000034s ]
INFO: [ app_init ] --END-- [ RunTime:0.000945s ]
INFO: [ app_begin ] --START--
INFO: Run Behavior\ReadHtmlCacheBehavior [ RunTime:0.000806s ]
INFO: [ app_begin ] --END-- [ RunTime:0.000904s ]
INFO: [ view_parse ] --START--
INFO: [ template_filter ] --START--
INFO: Run Behavior\ContentReplaceBehavior [ RunTime:0.000131s ]
INFO: [ template_filter ] --END-- [ RunTime:0.000261s ]
INFO: Run Behavior\ParseTemplateBehavior [ RunTime:0.018672s ]
INFO: [ view_parse ] --END-- [ RunTime:0.018752s ]
INFO: [ view_filter ] --START--
INFO: Run Behavior\WriteHtmlCacheBehavior [ RunTime:0.000257s ]
INFO: [ view_filter ] --END-- [ RunTime:0.000297s ]
INFO: [ app_end ] --START--
INFO: Run Behavior\ShowPageTraceBehavior [ RunTime:0.000473s ]
INFO: [ app_end ] --END-- [ RunTime:0.000513s ]

[ 2014-09-28T17:36:25+08:00 ] ::1 /commission/index.php/Home/Index/checkLogin
INFO: [ app_init ] --START--
INFO: Run Behavior\BuildLiteBehavior [ RunTime:0.000014s ]
INFO: [ app_init ] --END-- [ RunTime:0.000375s ]
INFO: [ app_begin ] --START--
INFO: Run Behavior\ReadHtmlCacheBehavior [ RunTime:0.000505s ]
INFO: [ app_begin ] --END-- [ RunTime:0.000573s ]
INFO: [ app_end ] --START--
INFO: Run Behavior\ShowPageTraceBehavior [ RunTime:0.000663s ]
INFO: [ app_end ] --END-- [ RunTime:0.000758s ]

[ 2014-09-28T17:36:29+08:00 ] ::1 /commission/
INFO: [ app_init ] --START--
INFO: Run Behavior\BuildLiteBehavior [ RunTime:0.000021s ]
INFO: [ app_init ] --END-- [ RunTime:0.000609s ]
INFO: [ app_begin ] --START--
INFO: Run Behavior\ReadHtmlCacheBehavior [ RunTime:0.000663s ]
INFO: [ app_begin ] --END-- [ RunTime:0.000758s ]
INFO: [ view_parse ] --START--
INFO: [ template_filter ] --START--
INFO: Run Behavior\ContentReplaceBehavior [ RunTime:0.000148s ]
INFO: [ template_filter ] --END-- [ RunTime:0.000278s ]
INFO: Run Behavior\ParseTemplateBehavior [ RunTime:0.010327s ]
INFO: [ view_parse ] --END-- [ RunTime:0.010449s ]
INFO: [ view_filter ] --START--
INFO: Run Behavior\WriteHtmlCacheBehavior [ RunTime:0.000447s ]
INFO: [ view_filter ] --END-- [ RunTime:0.000551s ]
INFO: [ app_end ] --START--
INFO: Run Behavior\ShowPageTraceBehavior [ RunTime:0.001297s ]
INFO: [ app_end ] --END-- [ RunTime:0.001399s ]

[ 2014-09-28T17:36:47+08:00 ] ::1 /commission/
INFO: [ app_init ] --START--
INFO: Run Behavior\BuildLiteBehavior [ RunTime:0.000019s ]
INFO: [ app_init ] --END-- [ RunTime:0.000493s ]
INFO: [ app_begin ] --START--
INFO: Run Behavior\ReadHtmlCacheBehavior [ RunTime:0.000578s ]
INFO: [ app_begin ] --END-- [ RunTime:0.000649s ]
INFO: [ view_parse ] --START--
INFO: [ template_filter ] --START--
INFO: Run Behavior\ContentReplaceBehavior [ RunTime:0.000146s ]
INFO: [ template_filter ] --END-- [ RunTime:0.000260s ]
INFO: Run Behavior\ParseTemplateBehavior [ RunTime:0.018891s ]
INFO: [ view_parse ] --END-- [ RunTime:0.018995s ]
INFO: [ view_filter ] --START--
INFO: Run Behavior\WriteHtmlCacheBehavior [ RunTime:0.000345s ]
INFO: [ view_filter ] --END-- [ RunTime:0.000410s ]
INFO: [ app_end ] --START--
INFO: Run Behavior\ShowPageTraceBehavior [ RunTime:0.000713s ]
INFO: [ app_end ] --END-- [ RunTime:0.000774s ]

[ 2014-09-28T17:36:48+08:00 ] ::1 /commission/index.php/Home/Index/checkLogin
INFO: [ app_init ] --START--
INFO: Run Behavior\BuildLiteBehavior [ RunTime:0.000013s ]
INFO: [ app_init ] --END-- [ RunTime:0.000394s ]
INFO: [ app_begin ] --START--
INFO: Run Behavior\ReadHtmlCacheBehavior [ RunTime:0.000428s ]
INFO: [ app_begin ] --END-- [ RunTime:0.000488s ]

[ 2014-09-28T17:40:08+08:00 ] ::1 /commission/
INFO: [ app_init ] --START--
INFO: Run Behavior\BuildLiteBehavior [ RunTime:0.000029s ]
INFO: [ app_init ] --END-- [ RunTime:0.000740s ]
INFO: [ app_begin ] --START--
INFO: Run Behavior\ReadHtmlCacheBehavior [ RunTime:0.000727s ]
INFO: [ app_begin ] --END-- [ RunTime:0.000820s ]
INFO: [ view_parse ] --START--
INFO: [ template_filter ] --START--
INFO: Run Behavior\ContentReplaceBehavior [ RunTime:0.000056s ]
INFO: [ template_filter ] --END-- [ RunTime:0.000114s ]
INFO: Run Behavior\ParseTemplateBehavior [ RunTime:0.043862s ]
INFO: [ view_parse ] --END-- [ RunTime:0.043951s ]
INFO: [ view_filter ] --START--
INFO: Run Behavior\WriteHtmlCacheBehavior [ RunTime:0.000263s ]
INFO: [ view_filter ] --END-- [ RunTime:0.000304s ]
INFO: [ app_end ] --START--
INFO: Run Behavior\ShowPageTraceBehavior [ RunTime:0.000477s ]
INFO: [ app_end ] --END-- [ RunTime:0.000517s ]

[ 2014-09-28T17:40:10+08:00 ] ::1 /commission/index.php/Home/Index/checkLogin
INFO: [ app_init ] --START--
INFO: Run Behavior\BuildLiteBehavior [ RunTime:0.000014s ]
INFO: [ app_init ] --END-- [ RunTime:0.000367s ]
INFO: [ app_begin ] --START--
INFO: Run Behavior\ReadHtmlCacheBehavior [ RunTime:0.000473s ]
INFO: [ app_begin ] --END-- [ RunTime:0.000531s ]
INFO: [ app_end ] --START--
INFO: Run Behavior\ShowPageTraceBehavior [ RunTime:0.000486s ]
INFO: [ app_end ] --END-- [ RunTime:0.000542s ]

[ 2014-09-28T17:44:46+08:00 ] ::1 /commission/index.php/Home/Index/checkLogin
INFO: [ app_init ] --START--
INFO: Run Behavior\BuildLiteBehavior [ RunTime:0.000014s ]
INFO: [ app_init ] --END-- [ RunTime:0.000378s ]
INFO: [ app_begin ] --START--
INFO: Run Behavior\ReadHtmlCacheBehavior [ RunTime:0.000435s ]
INFO: [ app_begin ] --END-- [ RunTime:0.000482s ]
INFO: [ app_end ] --START--
INFO: Run Behavior\ShowPageTraceBehavior [ RunTime:0.000436s ]
INFO: [ app_end ] --END-- [ RunTime:0.000480s ]

[ 2014-09-28T17:46:29+08:00 ] ::1 /commission/index.php/Home/Index/checkLogin
INFO: [ app_init ] --START--
INFO: Run Behavior\BuildLiteBehavior [ RunTime:0.000020s ]
INFO: [ app_init ] --END-- [ RunTime:0.000532s ]
INFO: [ app_begin ] --START--
INFO: Run Behavior\ReadHtmlCacheBehavior [ RunTime:0.001013s ]
INFO: [ app_begin ] --END-- [ RunTime:0.001188s ]
INFO: [ app_end ] --START--
INFO: Run Behavior\ShowPageTraceBehavior [ RunTime:0.000978s ]
INFO: [ app_end ] --END-- [ RunTime:0.001094s ]

[ 2014-09-28T17:57:00+08:00 ] ::1 /commission/index.php/Home/Index/checkLogin
INFO: [ app_init ] --START--
INFO: Run Behavior\BuildLiteBehavior [ RunTime:0.000023s ]
INFO: [ app_init ] --END-- [ RunTime:0.000685s ]
INFO: [ app_begin ] --START--
INFO: Run Behavior\ReadHtmlCacheBehavior [ RunTime:0.000687s ]
INFO: [ app_begin ] --END-- [ RunTime:0.000759s ]
SQL: 
            SELECT column_name,data_type,column_default,is_nullable
            FROM   information_schema.tables AS t
            JOIN   information_schema.columns AS c
            ON     t.table_catalog = c.table_catalog
            AND    t.table_schema  = c.table_schema
            AND    t.table_name    = c.table_name
            WHERE  t.table_name = 'commission_login' [ RunTime:0.294974s ]
SQL: SELECT * FROM INFORMATION_SCHEMA.KEY_COLUMN_USAGE WHERE TABLE_NAME='commission_login' [ RunTime:0.079545s ]
SQL: SELECT T1.* FROM (SELECT thinkphp.*, ROW_NUMBER() OVER ( ORDER BY rand()) AS ROW_NUMBER FROM (SELECT  * FROM [commission_login] WHERE [name] = 'admin' AND [pwd] = '21232f297a57a5a743894a0e4a801fc3') AS thinkphp) AS T1 WHERE (T1.ROW_NUMBER BETWEEN 1 AND 1) [ RunTime:0.112169s ]
ERR: 208:[Microsoft][SQL Server Native Client 11.0][SQL Server]对象名 'commission_login' 无效。16945:[Microsoft][SQL Server Native Client 11.0][SQL Server]该游标未声明。
 [ SQL语句 ] : SELECT T1.* FROM (SELECT thinkphp.*, ROW_NUMBER() OVER ( ORDER BY rand()) AS ROW_NUMBER FROM (SELECT  * FROM [commission_login] WHERE [name] = 'admin' AND [pwd] = '21232f297a57a5a743894a0e4a801fc3') AS thinkphp) AS T1 WHERE (T1.ROW_NUMBER BETWEEN 1 AND 1)
INFO: [ app_end ] --START--
INFO: Run Behavior\ShowPageTraceBehavior [ RunTime:0.001939s ]
INFO: [ app_end ] --END-- [ RunTime:0.002057s ]

[ 2014-09-28T17:57:06+08:00 ] ::1 /commission/index.php/Home/Index/checkLogin
INFO: [ app_init ] --START--
INFO: Run Behavior\BuildLiteBehavior [ RunTime:0.000013s ]
INFO: [ app_init ] --END-- [ RunTime:0.000337s ]
INFO: [ app_begin ] --START--
INFO: Run Behavior\ReadHtmlCacheBehavior [ RunTime:0.000397s ]
INFO: [ app_begin ] --END-- [ RunTime:0.000450s ]
SQL: 
            SELECT column_name,data_type,column_default,is_nullable
            FROM   information_schema.tables AS t
            JOIN   information_schema.columns AS c
            ON     t.table_catalog = c.table_catalog
            AND    t.table_schema  = c.table_schema
            AND    t.table_name    = c.table_name
            WHERE  t.table_name = 'commission_login' [ RunTime:0.000609s ]
SQL: SELECT * FROM INFORMATION_SCHEMA.KEY_COLUMN_USAGE WHERE TABLE_NAME='commission_login' [ RunTime:0.000511s ]
SQL: SELECT T1.* FROM (SELECT thinkphp.*, ROW_NUMBER() OVER ( ORDER BY rand()) AS ROW_NUMBER FROM (SELECT  * FROM [commission_login] WHERE [name] = 'admin' AND [pwd] = '21232f297a57a5a743894a0e4a801fc3') AS thinkphp) AS T1 WHERE (T1.ROW_NUMBER BETWEEN 1 AND 1) [ RunTime:0.000700s ]
ERR: 208:[Microsoft][SQL Server Native Client 11.0][SQL Server]对象名 'commission_login' 无效。16945:[Microsoft][SQL Server Native Client 11.0][SQL Server]该游标未声明。
 [ SQL语句 ] : SELECT T1.* FROM (SELECT thinkphp.*, ROW_NUMBER() OVER ( ORDER BY rand()) AS ROW_NUMBER FROM (SELECT  * FROM [commission_login] WHERE [name] = 'admin' AND [pwd] = '21232f297a57a5a743894a0e4a801fc3') AS thinkphp) AS T1 WHERE (T1.ROW_NUMBER BETWEEN 1 AND 1)
INFO: [ app_end ] --START--
INFO: Run Behavior\ShowPageTraceBehavior [ RunTime:0.000903s ]
INFO: [ app_end ] --END-- [ RunTime:0.000983s ]

[ 2014-09-28T17:58:21+08:00 ] ::1 /commission/
INFO: [ app_init ] --START--
INFO: Run Behavior\BuildLiteBehavior [ RunTime:0.000025s ]
INFO: [ app_init ] --END-- [ RunTime:0.000666s ]
INFO: [ app_begin ] --START--
INFO: Run Behavior\ReadHtmlCacheBehavior [ RunTime:0.000635s ]
INFO: [ app_begin ] --END-- [ RunTime:0.000731s ]
INFO: [ view_parse ] --START--
INFO: [ template_filter ] --START--
INFO: Run Behavior\ContentReplaceBehavior [ RunTime:0.000101s ]
INFO: [ template_filter ] --END-- [ RunTime:0.000209s ]
INFO: Run Behavior\ParseTemplateBehavior [ RunTime:0.021234s ]
INFO: [ view_parse ] --END-- [ RunTime:0.021316s ]
INFO: [ view_filter ] --START--
INFO: Run Behavior\WriteHtmlCacheBehavior [ RunTime:0.000240s ]
INFO: [ view_filter ] --END-- [ RunTime:0.000279s ]
INFO: [ app_end ] --START--
INFO: Run Behavior\ShowPageTraceBehavior [ RunTime:0.000478s ]
INFO: [ app_end ] --END-- [ RunTime:0.000543s ]

[ 2014-09-28T17:58:24+08:00 ] ::1 /commission/index.php/Home/Index/checkLogin
INFO: [ app_init ] --START--
INFO: Run Behavior\BuildLiteBehavior [ RunTime:0.000015s ]
INFO: [ app_init ] --END-- [ RunTime:0.000416s ]
INFO: [ app_begin ] --START--
INFO: Run Behavior\ReadHtmlCacheBehavior [ RunTime:0.000454s ]
INFO: [ app_begin ] --END-- [ RunTime:0.000503s ]
SQL: 
            SELECT column_name,data_type,column_default,is_nullable
            FROM   information_schema.tables AS t
            JOIN   information_schema.columns AS c
            ON     t.table_catalog = c.table_catalog
            AND    t.table_schema  = c.table_schema
            AND    t.table_name    = c.table_name
            WHERE  t.table_name = 'commission_login' [ RunTime:0.000522s ]
SQL: SELECT * FROM INFORMATION_SCHEMA.KEY_COLUMN_USAGE WHERE TABLE_NAME='commission_login' [ RunTime:0.000432s ]
SQL: SELECT T1.* FROM (SELECT thinkphp.*, ROW_NUMBER() OVER ( ORDER BY rand()) AS ROW_NUMBER FROM (SELECT  * FROM [commission_login] WHERE [name] = 'admin' AND [pwd] = '9f6e6800cfae7749eb6c486619254b9c') AS thinkphp) AS T1 WHERE (T1.ROW_NUMBER BETWEEN 1 AND 1) [ RunTime:0.000720s ]
ERR: 208:[Microsoft][SQL Server Native Client 11.0][SQL Server]对象名 'commission_login' 无效。16945:[Microsoft][SQL Server Native Client 11.0][SQL Server]该游标未声明。
 [ SQL语句 ] : SELECT T1.* FROM (SELECT thinkphp.*, ROW_NUMBER() OVER ( ORDER BY rand()) AS ROW_NUMBER FROM (SELECT  * FROM [commission_login] WHERE [name] = 'admin' AND [pwd] = '9f6e6800cfae7749eb6c486619254b9c') AS thinkphp) AS T1 WHERE (T1.ROW_NUMBER BETWEEN 1 AND 1)
INFO: [ app_end ] --START--
INFO: Run Behavior\ShowPageTraceBehavior [ RunTime:0.000702s ]
INFO: [ app_end ] --END-- [ RunTime:0.000767s ]

[ 2014-09-28T18:00:09+08:00 ] ::1 /commission/index.php/Home/Index/checkLogin
INFO: [ app_init ] --START--
INFO: Run Behavior\BuildLiteBehavior [ RunTime:0.000015s ]
INFO: [ app_init ] --END-- [ RunTime:0.000384s ]
INFO: [ app_begin ] --START--
INFO: Run Behavior\ReadHtmlCacheBehavior [ RunTime:0.000567s ]
INFO: [ app_begin ] --END-- [ RunTime:0.000661s ]
SQL: 
            SELECT column_name,data_type,column_default,is_nullable
            FROM   information_schema.tables AS t
            JOIN   information_schema.columns AS c
            ON     t.table_catalog = c.table_catalog
            AND    t.table_schema  = c.table_schema
            AND    t.table_name    = c.table_name
            WHERE  t.table_name = 'commission_login' [ RunTime:0.000707s ]
SQL: SELECT * FROM INFORMATION_SCHEMA.KEY_COLUMN_USAGE WHERE TABLE_NAME='commission_login' [ RunTime:0.000570s ]
SQL: SELECT T1.* FROM (SELECT thinkphp.*, ROW_NUMBER() OVER ( ORDER BY rand()) AS ROW_NUMBER FROM (SELECT  * FROM [commission_login] WHERE [name] = 'admin' AND [pwd] = '9f6e6800cfae7749eb6c486619254b9c') AS thinkphp) AS T1 WHERE (T1.ROW_NUMBER BETWEEN 1 AND 1) [ RunTime:0.000932s ]
ERR: 208:[Microsoft][SQL Server Native Client 11.0][SQL Server]对象名 'commission_login' 无效。16945:[Microsoft][SQL Server Native Client 11.0][SQL Server]该游标未声明。
 [ SQL语句 ] : SELECT T1.* FROM (SELECT thinkphp.*, ROW_NUMBER() OVER ( ORDER BY rand()) AS ROW_NUMBER FROM (SELECT  * FROM [commission_login] WHERE [name] = 'admin' AND [pwd] = '9f6e6800cfae7749eb6c486619254b9c') AS thinkphp) AS T1 WHERE (T1.ROW_NUMBER BETWEEN 1 AND 1)
INFO: [ app_end ] --START--
INFO: Run Behavior\ShowPageTraceBehavior [ RunTime:0.000627s ]
INFO: [ app_end ] --END-- [ RunTime:0.000669s ]

[ 2014-09-28T18:00:23+08:00 ] ::1 /commission/
INFO: [ app_init ] --START--
INFO: Run Behavior\BuildLiteBehavior [ RunTime:0.000040s ]
INFO: [ app_init ] --END-- [ RunTime:0.000968s ]
INFO: [ app_begin ] --START--
INFO: Run Behavior\ReadHtmlCacheBehavior [ RunTime:0.000805s ]
INFO: [ app_begin ] --END-- [ RunTime:0.000931s ]
INFO: [ view_parse ] --START--
INFO: [ template_filter ] --START--
INFO: Run Behavior\ContentReplaceBehavior [ RunTime:0.000092s ]
INFO: [ template_filter ] --END-- [ RunTime:0.000184s ]
INFO: Run Behavior\ParseTemplateBehavior [ RunTime:0.010788s ]
INFO: [ view_parse ] --END-- [ RunTime:0.010896s ]
INFO: [ view_filter ] --START--
INFO: Run Behavior\WriteHtmlCacheBehavior [ RunTime:0.000399s ]
INFO: [ view_filter ] --END-- [ RunTime:0.000465s ]
INFO: [ app_end ] --START--
INFO: Run Behavior\ShowPageTraceBehavior [ RunTime:0.000689s ]
INFO: [ app_end ] --END-- [ RunTime:0.000759s ]

[ 2014-09-28T18:00:25+08:00 ] ::1 /commission/index.php/Home/Index/checkLogin
INFO: [ app_init ] --START--
INFO: Run Behavior\BuildLiteBehavior [ RunTime:0.000014s ]
INFO: [ app_init ] --END-- [ RunTime:0.000370s ]
INFO: [ app_begin ] --START--
INFO: Run Behavior\ReadHtmlCacheBehavior [ RunTime:0.000425s ]
INFO: [ app_begin ] --END-- [ RunTime:0.000478s ]
SQL: 
            SELECT column_name,data_type,column_default,is_nullable
            FROM   information_schema.tables AS t
            JOIN   information_schema.columns AS c
            ON     t.table_catalog = c.table_catalog
            AND    t.table_schema  = c.table_schema
            AND    t.table_name    = c.table_name
            WHERE  t.table_name = 'commission_login' [ RunTime:0.000748s ]
SQL: SELECT * FROM INFORMATION_SCHEMA.KEY_COLUMN_USAGE WHERE TABLE_NAME='commission_login' [ RunTime:0.000574s ]
SQL: SELECT T1.* FROM (SELECT thinkphp.*, ROW_NUMBER() OVER ( ORDER BY rand()) AS ROW_NUMBER FROM (SELECT  * FROM [commission_login] WHERE [name] = 'admin' AND [pwd] = '343d9040a671c45832ee5381860e2996') AS thinkphp) AS T1 WHERE (T1.ROW_NUMBER BETWEEN 1 AND 1) [ RunTime:0.000861s ]
ERR: 208:[Microsoft][SQL Server Native Client 11.0][SQL Server]对象名 'commission_login' 无效。16945:[Microsoft][SQL Server Native Client 11.0][SQL Server]该游标未声明。
 [ SQL语句 ] : SELECT T1.* FROM (SELECT thinkphp.*, ROW_NUMBER() OVER ( ORDER BY rand()) AS ROW_NUMBER FROM (SELECT  * FROM [commission_login] WHERE [name] = 'admin' AND [pwd] = '343d9040a671c45832ee5381860e2996') AS thinkphp) AS T1 WHERE (T1.ROW_NUMBER BETWEEN 1 AND 1)
INFO: [ app_end ] --START--
INFO: Run Behavior\ShowPageTraceBehavior [ RunTime:0.000692s ]
INFO: [ app_end ] --END-- [ RunTime:0.000781s ]

[ 2014-09-28T18:01:11+08:00 ] ::1 /commission/index.php/Home/Index/checkLogin
INFO: [ app_init ] --START--
INFO: Run Behavior\BuildLiteBehavior [ RunTime:0.000016s ]
INFO: [ app_init ] --END-- [ RunTime:0.000407s ]
INFO: [ app_begin ] --START--
INFO: Run Behavior\ReadHtmlCacheBehavior [ RunTime:0.000484s ]
INFO: [ app_begin ] --END-- [ RunTime:0.000543s ]
SQL: 
            SELECT column_name,data_type,column_default,is_nullable
            FROM   information_schema.tables AS t
            JOIN   information_schema.columns AS c
            ON     t.table_catalog = c.table_catalog
            AND    t.table_schema  = c.table_schema
            AND    t.table_name    = c.table_name
            WHERE  t.table_name = 'commission_login' [ RunTime:0.148784s ]
SQL: SELECT * FROM INFORMATION_SCHEMA.KEY_COLUMN_USAGE WHERE TABLE_NAME='commission_login' [ RunTime:0.117067s ]
NOTIC: [8] Undefined offset: 0 E:\www\commission\ThinkPHP\Library\Think\Db\Driver\Sqlsrv.class.php 第 221 行.
NOTIC: [8] Undefined offset: 0 E:\www\commission\ThinkPHP\Library\Think\Db\Driver\Sqlsrv.class.php 第 221 行.
NOTIC: [8] Undefined offset: 0 E:\www\commission\ThinkPHP\Library\Think\Db\Driver\Sqlsrv.class.php 第 221 行.
SQL: SELECT T1.* FROM (SELECT thinkphp.*, ROW_NUMBER() OVER ( ORDER BY rand()) AS ROW_NUMBER FROM (SELECT  * FROM [commission_login] WHERE [name] = 'admin' AND [pwd] = '343d9040a671c45832ee5381860e2996') AS thinkphp) AS T1 WHERE (T1.ROW_NUMBER BETWEEN 1 AND 1) [ RunTime:0.012817s ]
INFO: [ app_end ] --START--
INFO: Run Behavior\ShowPageTraceBehavior [ RunTime:0.000561s ]
INFO: [ app_end ] --END-- [ RunTime:0.000608s ]

[ 2014-09-28T18:01:16+08:00 ] ::1 /commission/index.php/Home/Index/checkLogin
INFO: [ app_init ] --START--
INFO: Run Behavior\BuildLiteBehavior [ RunTime:0.000017s ]
INFO: [ app_init ] --END-- [ RunTime:0.000547s ]
INFO: [ app_begin ] --START--
INFO: Run Behavior\ReadHtmlCacheBehavior [ RunTime:0.000612s ]
INFO: [ app_begin ] --END-- [ RunTime:0.000709s ]
SQL: 
            SELECT column_name,data_type,column_default,is_nullable
            FROM   information_schema.tables AS t
            JOIN   information_schema.columns AS c
            ON     t.table_catalog = c.table_catalog
            AND    t.table_schema  = c.table_schema
            AND    t.table_name    = c.table_name
            WHERE  t.table_name = 'commission_login' [ RunTime:0.000672s ]
SQL: SELECT * FROM INFORMATION_SCHEMA.KEY_COLUMN_USAGE WHERE TABLE_NAME='commission_login' [ RunTime:0.000350s ]
NOTIC: [8] Undefined offset: 0 E:\www\commission\ThinkPHP\Library\Think\Db\Driver\Sqlsrv.class.php 第 221 行.
NOTIC: [8] Undefined offset: 0 E:\www\commission\ThinkPHP\Library\Think\Db\Driver\Sqlsrv.class.php 第 221 行.
NOTIC: [8] Undefined offset: 0 E:\www\commission\ThinkPHP\Library\Think\Db\Driver\Sqlsrv.class.php 第 221 行.
SQL: SELECT T1.* FROM (SELECT thinkphp.*, ROW_NUMBER() OVER ( ORDER BY rand()) AS ROW_NUMBER FROM (SELECT  * FROM [commission_login] WHERE [name] = 'admin' AND [pwd] = '21232f297a57a5a743894a0e4a801fc3') AS thinkphp) AS T1 WHERE (T1.ROW_NUMBER BETWEEN 1 AND 1) [ RunTime:0.003253s ]
INFO: [ app_end ] --START--
INFO: Run Behavior\ShowPageTraceBehavior [ RunTime:0.000694s ]
INFO: [ app_end ] --END-- [ RunTime:0.000810s ]

[ 2014-09-28T18:03:48+08:00 ] ::1 /commission/index.php/Home/Index/checkLogin
INFO: [ app_init ] --START--
INFO: Run Behavior\BuildLiteBehavior [ RunTime:0.000013s ]
INFO: [ app_init ] --END-- [ RunTime:0.000445s ]
INFO: [ app_begin ] --START--
INFO: Run Behavior\ReadHtmlCacheBehavior [ RunTime:0.000473s ]
INFO: [ app_begin ] --END-- [ RunTime:0.000536s ]
SQL: 
            SELECT column_name,data_type,column_default,is_nullable
            FROM   information_schema.tables AS t
            JOIN   information_schema.columns AS c
            ON     t.table_catalog = c.table_catalog
            AND    t.table_schema  = c.table_schema
            AND    t.table_name    = c.table_name
            WHERE  t.table_name = 'commission_login' [ RunTime:0.000749s ]
SQL: SELECT * FROM INFORMATION_SCHEMA.KEY_COLUMN_USAGE WHERE TABLE_NAME='commission_login' [ RunTime:0.000459s ]
NOTIC: [8] Undefined offset: 0 E:\www\commission\ThinkPHP\Library\Think\Db\Driver\Sqlsrv.class.php 第 221 行.
NOTIC: [8] Undefined offset: 0 E:\www\commission\ThinkPHP\Library\Think\Db\Driver\Sqlsrv.class.php 第 221 行.
NOTIC: [8] Undefined offset: 0 E:\www\commission\ThinkPHP\Library\Think\Db\Driver\Sqlsrv.class.php 第 221 行.
SQL: SELECT T1.* FROM (SELECT thinkphp.*, ROW_NUMBER() OVER ( ORDER BY rand()) AS ROW_NUMBER FROM (SELECT  * FROM [commission_login] WHERE [name] = 'admin' AND [pwd] = '21232f297a57a5a743894a0e4a801fc3') AS thinkphp) AS T1 WHERE (T1.ROW_NUMBER BETWEEN 1 AND 1) [ RunTime:0.000334s ]
INFO: [ app_end ] --START--
INFO: Run Behavior\ShowPageTraceBehavior [ RunTime:0.000664s ]
INFO: [ app_end ] --END-- [ RunTime:0.000753s ]

[ 2014-09-28T18:04:57+08:00 ] ::1 /commission/
INFO: [ app_init ] --START--
INFO: Run Behavior\BuildLiteBehavior [ RunTime:0.000045s ]
INFO: [ app_init ] --END-- [ RunTime:0.001100s ]
INFO: [ app_begin ] --START--
INFO: Run Behavior\ReadHtmlCacheBehavior [ RunTime:0.001021s ]
INFO: [ app_begin ] --END-- [ RunTime:0.001184s ]
INFO: [ view_parse ] --START--
INFO: [ template_filter ] --START--
INFO: Run Behavior\ContentReplaceBehavior [ RunTime:0.000151s ]
INFO: [ template_filter ] --END-- [ RunTime:0.000329s ]
INFO: Run Behavior\ParseTemplateBehavior [ RunTime:0.012667s ]
INFO: [ view_parse ] --END-- [ RunTime:0.012762s ]
INFO: [ view_filter ] --START--
INFO: Run Behavior\WriteHtmlCacheBehavior [ RunTime:0.000267s ]
INFO: [ view_filter ] --END-- [ RunTime:0.000307s ]
INFO: [ app_end ] --START--
INFO: Run Behavior\ShowPageTraceBehavior [ RunTime:0.000495s ]
INFO: [ app_end ] --END-- [ RunTime:0.000559s ]

[ 2014-09-28T18:05:02+08:00 ] ::1 /commission/index.php/Home/Index/checkLogin
INFO: [ app_init ] --START--
INFO: Run Behavior\BuildLiteBehavior [ RunTime:0.000017s ]
INFO: [ app_init ] --END-- [ RunTime:0.000477s ]
INFO: [ app_begin ] --START--
INFO: Run Behavior\ReadHtmlCacheBehavior [ RunTime:0.000418s ]
INFO: [ app_begin ] --END-- [ RunTime:0.000477s ]
SQL: 
            SELECT column_name,data_type,column_default,is_nullable
            FROM   information_schema.tables AS t
            JOIN   information_schema.columns AS c
            ON     t.table_catalog = c.table_catalog
            AND    t.table_schema  = c.table_schema
            AND    t.table_name    = c.table_name
            WHERE  t.table_name = 'commission_login' [ RunTime:0.000884s ]
SQL: SELECT * FROM INFORMATION_SCHEMA.KEY_COLUMN_USAGE WHERE TABLE_NAME='commission_login' [ RunTime:0.000635s ]
NOTIC: [8] Undefined offset: 0 E:\www\commission\ThinkPHP\Library\Think\Db\Driver\Sqlsrv.class.php 第 221 行.
NOTIC: [8] Undefined offset: 0 E:\www\commission\ThinkPHP\Library\Think\Db\Driver\Sqlsrv.class.php 第 221 行.
NOTIC: [8] Undefined offset: 0 E:\www\commission\ThinkPHP\Library\Think\Db\Driver\Sqlsrv.class.php 第 221 行.
SQL: SELECT T1.* FROM (SELECT thinkphp.*, ROW_NUMBER() OVER ( ORDER BY rand()) AS ROW_NUMBER FROM (SELECT  * FROM [commission_login]) AS thinkphp) AS T1  [ RunTime:0.003162s ]
INFO: [ app_end ] --START--
INFO: Run Behavior\ShowPageTraceBehavior [ RunTime:0.000637s ]
INFO: [ app_end ] --END-- [ RunTime:0.000699s ]

[ 2014-09-28T18:05:25+08:00 ] ::1 /commission/index.php/Home/Index/checkLogin
INFO: [ app_init ] --START--
INFO: Run Behavior\BuildLiteBehavior [ RunTime:0.000014s ]
INFO: [ app_init ] --END-- [ RunTime:0.000325s ]
INFO: [ app_begin ] --START--
INFO: Run Behavior\ReadHtmlCacheBehavior [ RunTime:0.000424s ]
INFO: [ app_begin ] --END-- [ RunTime:0.000469s ]
SQL: 
            SELECT column_name,data_type,column_default,is_nullable
            FROM   information_schema.tables AS t
            JOIN   information_schema.columns AS c
            ON     t.table_catalog = c.table_catalog
            AND    t.table_schema  = c.table_schema
            AND    t.table_name    = c.table_name
            WHERE  t.table_name = 'commission_login' [ RunTime:0.000750s ]
SQL: SELECT * FROM INFORMATION_SCHEMA.KEY_COLUMN_USAGE WHERE TABLE_NAME='commission_login' [ RunTime:0.000495s ]
NOTIC: [8] Undefined offset: 0 E:\www\commission\ThinkPHP\Library\Think\Db\Driver\Sqlsrv.class.php 第 221 行.
NOTIC: [8] Undefined offset: 0 E:\www\commission\ThinkPHP\Library\Think\Db\Driver\Sqlsrv.class.php 第 221 行.
NOTIC: [8] Undefined offset: 0 E:\www\commission\ThinkPHP\Library\Think\Db\Driver\Sqlsrv.class.php 第 221 行.
SQL: SELECT T1.* FROM (SELECT thinkphp.*, ROW_NUMBER() OVER ( ORDER BY rand()) AS ROW_NUMBER FROM (SELECT  * FROM [commission_login] WHERE [name] = 'admin' AND [pwd] = '68caa8bc42dbeff8bd41c733779a4b9c') AS thinkphp) AS T1 WHERE (T1.ROW_NUMBER BETWEEN 1 AND 1) [ RunTime:0.003236s ]
INFO: [ app_end ] --START--
INFO: Run Behavior\ShowPageTraceBehavior [ RunTime:0.000574s ]
INFO: [ app_end ] --END-- [ RunTime:0.000645s ]

[ 2014-09-28T18:09:07+08:00 ] ::1 /commission/index.php/Home/Index/checkLogin
INFO: [ app_init ] --START--
INFO: Run Behavior\BuildLiteBehavior [ RunTime:0.000015s ]
INFO: [ app_init ] --END-- [ RunTime:0.000391s ]
INFO: [ app_begin ] --START--
INFO: Run Behavior\ReadHtmlCacheBehavior [ RunTime:0.000475s ]
INFO: [ app_begin ] --END-- [ RunTime:0.000554s ]
SQL: 
            SELECT column_name,data_type,column_default,is_nullable
            FROM   information_schema.tables AS t
            JOIN   information_schema.columns AS c
            ON     t.table_catalog = c.table_catalog
            AND    t.table_schema  = c.table_schema
            AND    t.table_name    = c.table_name
            WHERE  t.table_name = 'commission_login' [ RunTime:0.000724s ]
SQL: SELECT * FROM INFORMATION_SCHEMA.KEY_COLUMN_USAGE WHERE TABLE_NAME='commission_login' [ RunTime:0.000700s ]
NOTIC: [8] Undefined offset: 0 E:\www\commission\ThinkPHP\Library\Think\Db\Driver\Sqlsrv.class.php 第 221 行.
NOTIC: [8] Undefined offset: 0 E:\www\commission\ThinkPHP\Library\Think\Db\Driver\Sqlsrv.class.php 第 221 行.
NOTIC: [8] Undefined offset: 0 E:\www\commission\ThinkPHP\Library\Think\Db\Driver\Sqlsrv.class.php 第 221 行.
SQL: SELECT T1.* FROM (SELECT thinkphp.*, ROW_NUMBER() OVER ( ORDER BY rand()) AS ROW_NUMBER FROM (SELECT  * FROM [commission_login] WHERE [name] = 'admin' AND [pwd] = '21232f297a57a5a743894a0e4a801fc3') AS thinkphp) AS T1 WHERE (T1.ROW_NUMBER BETWEEN 1 AND 1) [ RunTime:0.000301s ]
INFO: [ app_end ] --START--
INFO: Run Behavior\ShowPageTraceBehavior [ RunTime:0.000601s ]
INFO: [ app_end ] --END-- [ RunTime:0.000663s ]

[ 2014-09-28T18:09:29+08:00 ] ::1 /commission/index.php/Home/Index/checkLogin
INFO: [ app_init ] --START--
INFO: Run Behavior\BuildLiteBehavior [ RunTime:0.000014s ]
INFO: [ app_init ] --END-- [ RunTime:0.000348s ]
INFO: [ app_begin ] --START--
INFO: Run Behavior\ReadHtmlCacheBehavior [ RunTime:0.000403s ]
INFO: [ app_begin ] --END-- [ RunTime:0.000450s ]
SQL: 
            SELECT column_name,data_type,column_default,is_nullable
            FROM   information_schema.tables AS t
            JOIN   information_schema.columns AS c
            ON     t.table_catalog = c.table_catalog
            AND    t.table_schema  = c.table_schema
            AND    t.table_name    = c.table_name
            WHERE  t.table_name = 'commission_login' [ RunTime:0.000725s ]
SQL: SELECT * FROM INFORMATION_SCHEMA.KEY_COLUMN_USAGE WHERE TABLE_NAME='commission_login' [ RunTime:0.000551s ]
NOTIC: [8] Undefined offset: 0 E:\www\commission\ThinkPHP\Library\Think\Db\Driver\Sqlsrv.class.php 第 221 行.
NOTIC: [8] Undefined offset: 0 E:\www\commission\ThinkPHP\Library\Think\Db\Driver\Sqlsrv.class.php 第 221 行.
NOTIC: [8] Undefined offset: 0 E:\www\commission\ThinkPHP\Library\Think\Db\Driver\Sqlsrv.class.php 第 221 行.
SQL: SELECT T1.* FROM (SELECT thinkphp.*, ROW_NUMBER() OVER ( ORDER BY rand()) AS ROW_NUMBER FROM (SELECT  * FROM [commission_login] WHERE [name] = 'admin' AND [pwd] = '21232f297a57a5a743894a0e4a801fc3') AS thinkphp) AS T1 WHERE (T1.ROW_NUMBER BETWEEN 1 AND 1) [ RunTime:0.000343s ]
INFO: [ app_end ] --START--
INFO: Run Behavior\ShowPageTraceBehavior [ RunTime:0.000530s ]
INFO: [ app_end ] --END-- [ RunTime:0.000577s ]

[ 2014-09-28T18:10:32+08:00 ] ::1 /commission/index.php/Home/Index/checkLogin
INFO: [ app_init ] --START--
INFO: Run Behavior\BuildLiteBehavior [ RunTime:0.000020s ]
INFO: [ app_init ] --END-- [ RunTime:0.000428s ]
INFO: [ app_begin ] --START--
INFO: Run Behavior\ReadHtmlCacheBehavior [ RunTime:0.000416s ]
INFO: [ app_begin ] --END-- [ RunTime:0.000468s ]
SQL: 
            SELECT column_name,data_type,column_default,is_nullable
            FROM   information_schema.tables AS t
            JOIN   information_schema.columns AS c
            ON     t.table_catalog = c.table_catalog
            AND    t.table_schema  = c.table_schema
            AND    t.table_name    = c.table_name
            WHERE  t.table_name = 'commission_login' [ RunTime:0.000694s ]
SQL: SELECT * FROM INFORMATION_SCHEMA.KEY_COLUMN_USAGE WHERE TABLE_NAME='commission_login' [ RunTime:0.000404s ]
NOTIC: [8] Undefined offset: 0 E:\www\commission\ThinkPHP\Library\Think\Db\Driver\Sqlsrv.class.php 第 221 行.
NOTIC: [8] Undefined offset: 0 E:\www\commission\ThinkPHP\Library\Think\Db\Driver\Sqlsrv.class.php 第 221 行.
NOTIC: [8] Undefined offset: 0 E:\www\commission\ThinkPHP\Library\Think\Db\Driver\Sqlsrv.class.php 第 221 行.
SQL: SELECT T1.* FROM (SELECT thinkphp.*, ROW_NUMBER() OVER ( ORDER BY rand()) AS ROW_NUMBER FROM (SELECT  * FROM [commission_login] WHERE [name] = 'admin' AND [pwd] = '21232f297a57a5a743894a0e4a801fc3') AS thinkphp) AS T1 WHERE (T1.ROW_NUMBER BETWEEN 1 AND 1) [ RunTime:0.000409s ]
INFO: [ app_end ] --START--
INFO: Run Behavior\ShowPageTraceBehavior [ RunTime:0.000602s ]
INFO: [ app_end ] --END-- [ RunTime:0.000669s ]

[ 2014-09-28T18:22:31+08:00 ] ::1 /commission/
INFO: [ app_init ] --START--
INFO: Run Behavior\BuildLiteBehavior [ RunTime:0.000013s ]
INFO: [ app_init ] --END-- [ RunTime:0.000409s ]
INFO: [ app_begin ] --START--
INFO: Run Behavior\ReadHtmlCacheBehavior [ RunTime:0.000492s ]
INFO: [ app_begin ] --END-- [ RunTime:0.000553s ]
INFO: [ view_parse ] --START--
INFO: [ template_filter ] --START--
INFO: Run Behavior\ContentReplaceBehavior [ RunTime:0.000121s ]
INFO: [ template_filter ] --END-- [ RunTime:0.000183s ]
INFO: Run Behavior\ParseTemplateBehavior [ RunTime:0.025508s ]
INFO: [ view_parse ] --END-- [ RunTime:0.025590s ]
INFO: [ view_filter ] --START--
INFO: Run Behavior\WriteHtmlCacheBehavior [ RunTime:0.000268s ]
INFO: [ view_filter ] --END-- [ RunTime:0.000309s ]
INFO: [ app_end ] --START--
INFO: Run Behavior\ShowPageTraceBehavior [ RunTime:0.000496s ]
INFO: [ app_end ] --END-- [ RunTime:0.000547s ]

[ 2014-09-28T18:22:33+08:00 ] ::1 /commission/index.php/Home/Index/checkLogin
INFO: [ app_init ] --START--
INFO: Run Behavior\BuildLiteBehavior [ RunTime:0.000016s ]
INFO: [ app_init ] --END-- [ RunTime:0.000442s ]
INFO: [ app_begin ] --START--
INFO: Run Behavior\ReadHtmlCacheBehavior [ RunTime:0.000584s ]
INFO: [ app_begin ] --END-- [ RunTime:0.000669s ]

[ 2014-09-28T18:23:59+08:00 ] ::1 /commission/
INFO: [ app_init ] --START--
INFO: Run Behavior\BuildLiteBehavior [ RunTime:0.000033s ]
INFO: [ app_init ] --END-- [ RunTime:0.000833s ]
INFO: [ app_begin ] --START--
INFO: Run Behavior\ReadHtmlCacheBehavior [ RunTime:0.000935s ]
INFO: [ app_begin ] --END-- [ RunTime:0.001076s ]
INFO: [ view_parse ] --START--
INFO: [ template_filter ] --START--
INFO: Run Behavior\ContentReplaceBehavior [ RunTime:0.000079s ]
INFO: [ template_filter ] --END-- [ RunTime:0.000160s ]
INFO: Run Behavior\ParseTemplateBehavior [ RunTime:0.009251s ]
INFO: [ view_parse ] --END-- [ RunTime:0.009381s ]
INFO: [ view_filter ] --START--
INFO: Run Behavior\WriteHtmlCacheBehavior [ RunTime:0.000368s ]
INFO: [ view_filter ] --END-- [ RunTime:0.000439s ]
INFO: [ app_end ] --START--
INFO: Run Behavior\ShowPageTraceBehavior [ RunTime:0.000457s ]
INFO: [ app_end ] --END-- [ RunTime:0.000502s ]

[ 2014-09-28T18:24:02+08:00 ] ::1 /commission/index.php/Home/Index/checkLogin
INFO: [ app_init ] --START--
INFO: Run Behavior\BuildLiteBehavior [ RunTime:0.000014s ]
INFO: [ app_init ] --END-- [ RunTime:0.000385s ]
INFO: [ app_begin ] --START--
INFO: Run Behavior\ReadHtmlCacheBehavior [ RunTime:0.000459s ]
INFO: [ app_begin ] --END-- [ RunTime:0.000525s ]

[ 2014-09-28T18:24:14+08:00 ] ::1 /commission/index.php/Home/Index/checkLogin
INFO: [ app_init ] --START--
INFO: Run Behavior\BuildLiteBehavior [ RunTime:0.000015s ]
INFO: [ app_init ] --END-- [ RunTime:0.000323s ]
INFO: [ app_begin ] --START--
INFO: Run Behavior\ReadHtmlCacheBehavior [ RunTime:0.000401s ]
INFO: [ app_begin ] --END-- [ RunTime:0.000449s ]

[ 2014-09-28T18:25:12+08:00 ] ::1 /commission/
INFO: [ app_init ] --START--
INFO: Run Behavior\BuildLiteBehavior [ RunTime:0.000019s ]
INFO: [ app_init ] --END-- [ RunTime:0.000664s ]
INFO: [ app_begin ] --START--
INFO: Run Behavior\ReadHtmlCacheBehavior [ RunTime:0.000697s ]
INFO: [ app_begin ] --END-- [ RunTime:0.000793s ]
INFO: [ view_parse ] --START--
INFO: [ template_filter ] --START--
INFO: Run Behavior\ContentReplaceBehavior [ RunTime:0.000079s ]
INFO: [ template_filter ] --END-- [ RunTime:0.000155s ]
INFO: Run Behavior\ParseTemplateBehavior [ RunTime:0.009619s ]
INFO: [ view_parse ] --END-- [ RunTime:0.009738s ]
INFO: [ view_filter ] --START--
INFO: Run Behavior\WriteHtmlCacheBehavior [ RunTime:0.000397s ]
INFO: [ view_filter ] --END-- [ RunTime:0.000461s ]
INFO: [ app_end ] --START--
INFO: Run Behavior\ShowPageTraceBehavior [ RunTime:0.000786s ]
INFO: [ app_end ] --END-- [ RunTime:0.000858s ]

[ 2014-09-28T18:25:13+08:00 ] ::1 /commission/index.php/Home/Index/checkLogin
INFO: [ app_init ] --START--
INFO: Run Behavior\BuildLiteBehavior [ RunTime:0.000019s ]
INFO: [ app_init ] --END-- [ RunTime:0.000623s ]
INFO: [ app_begin ] --START--
INFO: Run Behavior\ReadHtmlCacheBehavior [ RunTime:0.000702s ]
INFO: [ app_begin ] --END-- [ RunTime:0.000832s ]

[ 2014-09-28T18:25:44+08:00 ] ::1 /commission/
INFO: [ app_init ] --START--
INFO: Run Behavior\BuildLiteBehavior [ RunTime:0.000017s ]
INFO: [ app_init ] --END-- [ RunTime:0.000481s ]
INFO: [ app_begin ] --START--
INFO: Run Behavior\ReadHtmlCacheBehavior [ RunTime:0.000522s ]
INFO: [ app_begin ] --END-- [ RunTime:0.000579s ]
INFO: [ view_parse ] --START--
INFO: [ template_filter ] --START--
INFO: Run Behavior\ContentReplaceBehavior [ RunTime:0.000061s ]
INFO: [ template_filter ] --END-- [ RunTime:0.000128s ]
INFO: Run Behavior\ParseTemplateBehavior [ RunTime:0.006168s ]
INFO: [ view_parse ] --END-- [ RunTime:0.006233s ]
INFO: [ view_filter ] --START--
INFO: Run Behavior\WriteHtmlCacheBehavior [ RunTime:0.000204s ]
INFO: [ view_filter ] --END-- [ RunTime:0.000244s ]
INFO: [ app_end ] --START--
INFO: Run Behavior\ShowPageTraceBehavior [ RunTime:0.000427s ]
INFO: [ app_end ] --END-- [ RunTime:0.000469s ]

[ 2014-09-28T18:25:45+08:00 ] ::1 /commission/index.php/Home/Index/checkLogin
INFO: [ app_init ] --START--
INFO: Run Behavior\BuildLiteBehavior [ RunTime:0.000015s ]
INFO: [ app_init ] --END-- [ RunTime:0.000341s ]
INFO: [ app_begin ] --START--
INFO: Run Behavior\ReadHtmlCacheBehavior [ RunTime:0.000418s ]
INFO: [ app_begin ] --END-- [ RunTime:0.000466s ]
SQL: 
            SELECT column_name,data_type,column_default,is_nullable
            FROM   information_schema.tables AS t
            JOIN   information_schema.columns AS c
            ON     t.table_catalog = c.table_catalog
            AND    t.table_schema  = c.table_schema
            AND    t.table_name    = c.table_name
            WHERE  t.table_name = 'commission_login' [ RunTime:0.063044s ]
SQL: SELECT * FROM INFORMATION_SCHEMA.KEY_COLUMN_USAGE WHERE TABLE_NAME='commission_login' [ RunTime:0.000493s ]
NOTIC: [8] Undefined offset: 0 E:\www\commission\ThinkPHP\Library\Think\Db\Driver\Sqlsrv.class.php 第 221 行.
NOTIC: [8] Undefined offset: 0 E:\www\commission\ThinkPHP\Library\Think\Db\Driver\Sqlsrv.class.php 第 221 行.
NOTIC: [8] Undefined offset: 0 E:\www\commission\ThinkPHP\Library\Think\Db\Driver\Sqlsrv.class.php 第 221 行.
NOTIC: [8] Undefined variable: pwd E:\www\commission\Application\Home\Controller\IndexController.class.php 第 21 行.
SQL: SELECT T1.* FROM (SELECT thinkphp.*, ROW_NUMBER() OVER ( ORDER BY rand()) AS ROW_NUMBER FROM (SELECT  * FROM [commission_login] WHERE [name] = 'admin' AND [pwd] = null) AS thinkphp) AS T1 WHERE (T1.ROW_NUMBER BETWEEN 1 AND 1) [ RunTime:0.002160s ]

[ 2014-09-28T18:25:46+08:00 ] ::1 /commission/index.php/Home/Index/loadHomePage
INFO: [ app_init ] --START--
INFO: Run Behavior\BuildLiteBehavior [ RunTime:0.000020s ]
INFO: [ app_init ] --END-- [ RunTime:0.000542s ]
INFO: [ app_begin ] --START--
INFO: Run Behavior\ReadHtmlCacheBehavior [ RunTime:0.000584s ]
INFO: [ app_begin ] --END-- [ RunTime:0.000698s ]
INFO: [ view_parse ] --START--
INFO: [ template_filter ] --START--
INFO: Run Behavior\ContentReplaceBehavior [ RunTime:0.000043s ]
INFO: [ template_filter ] --END-- [ RunTime:0.000119s ]
INFO: Run Behavior\ParseTemplateBehavior [ RunTime:0.005692s ]
INFO: [ view_parse ] --END-- [ RunTime:0.005746s ]
INFO: [ view_filter ] --START--
INFO: Run Behavior\WriteHtmlCacheBehavior [ RunTime:0.000187s ]
INFO: [ view_filter ] --END-- [ RunTime:0.000224s ]
INFO: [ app_end ] --START--
INFO: Run Behavior\ShowPageTraceBehavior [ RunTime:0.000472s ]
INFO: [ app_end ] --END-- [ RunTime:0.000514s ]

[ 2014-09-28T18:25:57+08:00 ] ::1 /commission/index.php/Home/Index/checkLogin
INFO: [ app_init ] --START--
INFO: Run Behavior\BuildLiteBehavior [ RunTime:0.000013s ]
INFO: [ app_init ] --END-- [ RunTime:0.000372s ]
INFO: [ app_begin ] --START--
INFO: Run Behavior\ReadHtmlCacheBehavior [ RunTime:0.000448s ]
INFO: [ app_begin ] --END-- [ RunTime:0.000505s ]
SQL: 
            SELECT column_name,data_type,column_default,is_nullable
            FROM   information_schema.tables AS t
            JOIN   information_schema.columns AS c
            ON     t.table_catalog = c.table_catalog
            AND    t.table_schema  = c.table_schema
            AND    t.table_name    = c.table_name
            WHERE  t.table_name = 'commission_login' [ RunTime:0.000947s ]
SQL: SELECT * FROM INFORMATION_SCHEMA.KEY_COLUMN_USAGE WHERE TABLE_NAME='commission_login' [ RunTime:0.000514s ]
NOTIC: [8] Undefined offset: 0 E:\www\commission\ThinkPHP\Library\Think\Db\Driver\Sqlsrv.class.php 第 221 行.
NOTIC: [8] Undefined offset: 0 E:\www\commission\ThinkPHP\Library\Think\Db\Driver\Sqlsrv.class.php 第 221 行.
NOTIC: [8] Undefined offset: 0 E:\www\commission\ThinkPHP\Library\Think\Db\Driver\Sqlsrv.class.php 第 221 行.
NOTIC: [8] Undefined variable: pwd E:\www\commission\Application\Home\Controller\IndexController.class.php 第 21 行.
SQL: SELECT T1.* FROM (SELECT thinkphp.*, ROW_NUMBER() OVER ( ORDER BY rand()) AS ROW_NUMBER FROM (SELECT  * FROM [commission_login] WHERE [name] = 'admin' AND [pwd] = null) AS thinkphp) AS T1 WHERE (T1.ROW_NUMBER BETWEEN 1 AND 1) [ RunTime:0.000278s ]

[ 2014-09-28T18:25:57+08:00 ] ::1 /commission/index.php/Home/Index/loadHomePage
INFO: [ app_init ] --START--
INFO: Run Behavior\BuildLiteBehavior [ RunTime:0.000013s ]
INFO: [ app_init ] --END-- [ RunTime:0.000325s ]
INFO: [ app_begin ] --START--
INFO: Run Behavior\ReadHtmlCacheBehavior [ RunTime:0.000422s ]
INFO: [ app_begin ] --END-- [ RunTime:0.000476s ]
INFO: [ view_parse ] --START--
INFO: [ template_filter ] --START--
INFO: Run Behavior\ContentReplaceBehavior [ RunTime:0.000044s ]
INFO: [ template_filter ] --END-- [ RunTime:0.000105s ]
INFO: Run Behavior\ParseTemplateBehavior [ RunTime:0.005825s ]
INFO: [ view_parse ] --END-- [ RunTime:0.005891s ]
INFO: [ view_filter ] --START--
INFO: Run Behavior\WriteHtmlCacheBehavior [ RunTime:0.000240s ]
INFO: [ view_filter ] --END-- [ RunTime:0.000287s ]
INFO: [ app_end ] --START--
INFO: Run Behavior\ShowPageTraceBehavior [ RunTime:0.000523s ]
INFO: [ app_end ] --END-- [ RunTime:0.000571s ]

[ 2014-09-28T18:26:03+08:00 ] ::1 /commission/index.php/Home/Index/checkLogin
INFO: [ app_init ] --START--
INFO: Run Behavior\BuildLiteBehavior [ RunTime:0.000015s ]
INFO: [ app_init ] --END-- [ RunTime:0.000425s ]
INFO: [ app_begin ] --START--
INFO: Run Behavior\ReadHtmlCacheBehavior [ RunTime:0.000439s ]
INFO: [ app_begin ] --END-- [ RunTime:0.000499s ]
SQL: 
            SELECT column_name,data_type,column_default,is_nullable
            FROM   information_schema.tables AS t
            JOIN   information_schema.columns AS c
            ON     t.table_catalog = c.table_catalog
            AND    t.table_schema  = c.table_schema
            AND    t.table_name    = c.table_name
            WHERE  t.table_name = 'commission_login' [ RunTime:0.000676s ]
SQL: SELECT * FROM INFORMATION_SCHEMA.KEY_COLUMN_USAGE WHERE TABLE_NAME='commission_login' [ RunTime:0.000489s ]
NOTIC: [8] Undefined offset: 0 E:\www\commission\ThinkPHP\Library\Think\Db\Driver\Sqlsrv.class.php 第 221 行.
NOTIC: [8] Undefined offset: 0 E:\www\commission\ThinkPHP\Library\Think\Db\Driver\Sqlsrv.class.php 第 221 行.
NOTIC: [8] Undefined offset: 0 E:\www\commission\ThinkPHP\Library\Think\Db\Driver\Sqlsrv.class.php 第 221 行.
NOTIC: [8] Undefined variable: pwd E:\www\commission\Application\Home\Controller\IndexController.class.php 第 21 行.
SQL: SELECT T1.* FROM (SELECT thinkphp.*, ROW_NUMBER() OVER ( ORDER BY rand()) AS ROW_NUMBER FROM (SELECT  * FROM [commission_login] WHERE [name] = 'admin' AND [pwd] = null) AS thinkphp) AS T1 WHERE (T1.ROW_NUMBER BETWEEN 1 AND 1) [ RunTime:0.000340s ]

[ 2014-09-28T18:26:03+08:00 ] ::1 /commission/index.php/Home/Index/loadHomePage
INFO: [ app_init ] --START--
INFO: Run Behavior\BuildLiteBehavior [ RunTime:0.000015s ]
INFO: [ app_init ] --END-- [ RunTime:0.000356s ]
INFO: [ app_begin ] --START--
INFO: Run Behavior\ReadHtmlCacheBehavior [ RunTime:0.000474s ]
INFO: [ app_begin ] --END-- [ RunTime:0.000530s ]
INFO: [ view_parse ] --START--
INFO: [ template_filter ] --START--
INFO: Run Behavior\ContentReplaceBehavior [ RunTime:0.000043s ]
INFO: [ template_filter ] --END-- [ RunTime:0.000105s ]
INFO: Run Behavior\ParseTemplateBehavior [ RunTime:0.005442s ]
INFO: [ view_parse ] --END-- [ RunTime:0.005506s ]
INFO: [ view_filter ] --START--
INFO: Run Behavior\WriteHtmlCacheBehavior [ RunTime:0.000352s ]
INFO: [ view_filter ] --END-- [ RunTime:0.000442s ]
INFO: [ app_end ] --START--
INFO: Run Behavior\ShowPageTraceBehavior [ RunTime:0.000608s ]
INFO: [ app_end ] --END-- [ RunTime:0.000658s ]

[ 2014-09-28T18:26:30+08:00 ] ::1 /commission/index.php/Home/Index/checkLogin
INFO: [ app_init ] --START--
INFO: Run Behavior\BuildLiteBehavior [ RunTime:0.000019s ]
INFO: [ app_init ] --END-- [ RunTime:0.000498s ]
INFO: [ app_begin ] --START--
INFO: Run Behavior\ReadHtmlCacheBehavior [ RunTime:0.000466s ]
INFO: [ app_begin ] --END-- [ RunTime:0.000522s ]
SQL: 
            SELECT column_name,data_type,column_default,is_nullable
            FROM   information_schema.tables AS t
            JOIN   information_schema.columns AS c
            ON     t.table_catalog = c.table_catalog
            AND    t.table_schema  = c.table_schema
            AND    t.table_name    = c.table_name
            WHERE  t.table_name = 'commission_login' [ RunTime:0.000729s ]
SQL: SELECT * FROM INFORMATION_SCHEMA.KEY_COLUMN_USAGE WHERE TABLE_NAME='commission_login' [ RunTime:0.000623s ]
NOTIC: [8] Undefined offset: 0 E:\www\commission\ThinkPHP\Library\Think\Db\Driver\Sqlsrv.class.php 第 221 行.
NOTIC: [8] Undefined offset: 0 E:\www\commission\ThinkPHP\Library\Think\Db\Driver\Sqlsrv.class.php 第 221 行.
NOTIC: [8] Undefined offset: 0 E:\www\commission\ThinkPHP\Library\Think\Db\Driver\Sqlsrv.class.php 第 221 行.
NOTIC: [8] Undefined variable: pwd E:\www\commission\Application\Home\Controller\IndexController.class.php 第 21 行.
SQL: SELECT T1.* FROM (SELECT thinkphp.*, ROW_NUMBER() OVER ( ORDER BY rand()) AS ROW_NUMBER FROM (SELECT  * FROM [commission_login] WHERE [name] = 'admin' AND [pwd] = null) AS thinkphp) AS T1 WHERE (T1.ROW_NUMBER BETWEEN 1 AND 1) [ RunTime:0.000366s ]
INFO: [ app_end ] --START--
INFO: Run Behavior\ShowPageTraceBehavior [ RunTime:0.000861s ]
INFO: [ app_end ] --END-- [ RunTime:0.000926s ]

[ 2014-09-28T18:26:39+08:00 ] ::1 /commission/index.php/Home/Index/checkLogin
INFO: [ app_init ] --START--
INFO: Run Behavior\BuildLiteBehavior [ RunTime:0.000015s ]
INFO: [ app_init ] --END-- [ RunTime:0.000395s ]
INFO: [ app_begin ] --START--
INFO: Run Behavior\ReadHtmlCacheBehavior [ RunTime:0.000452s ]
INFO: [ app_begin ] --END-- [ RunTime:0.000508s ]
SQL: 
            SELECT column_name,data_type,column_default,is_nullable
            FROM   information_schema.tables AS t
            JOIN   information_schema.columns AS c
            ON     t.table_catalog = c.table_catalog
            AND    t.table_schema  = c.table_schema
            AND    t.table_name    = c.table_name
            WHERE  t.table_name = 'commission_login' [ RunTime:0.000733s ]
SQL: SELECT * FROM INFORMATION_SCHEMA.KEY_COLUMN_USAGE WHERE TABLE_NAME='commission_login' [ RunTime:0.000354s ]
NOTIC: [8] Undefined offset: 0 E:\www\commission\ThinkPHP\Library\Think\Db\Driver\Sqlsrv.class.php 第 221 行.
NOTIC: [8] Undefined offset: 0 E:\www\commission\ThinkPHP\Library\Think\Db\Driver\Sqlsrv.class.php 第 221 行.
NOTIC: [8] Undefined offset: 0 E:\www\commission\ThinkPHP\Library\Think\Db\Driver\Sqlsrv.class.php 第 221 行.
NOTIC: [8] Undefined variable: pwd E:\www\commission\Application\Home\Controller\IndexController.class.php 第 21 行.
SQL: SELECT T1.* FROM (SELECT thinkphp.*, ROW_NUMBER() OVER ( ORDER BY rand()) AS ROW_NUMBER FROM (SELECT  * FROM [commission_login] WHERE [name] = 'admin' AND [pwd] = null) AS thinkphp) AS T1 WHERE (T1.ROW_NUMBER BETWEEN 1 AND 1) [ RunTime:0.000210s ]
INFO: [ app_end ] --START--
INFO: Run Behavior\ShowPageTraceBehavior [ RunTime:0.000555s ]
INFO: [ app_end ] --END-- [ RunTime:0.000605s ]

[ 2014-09-28T18:27:26+08:00 ] ::1 /commission/
INFO: [ app_init ] --START--
INFO: Run Behavior\BuildLiteBehavior [ RunTime:0.000026s ]
INFO: [ app_init ] --END-- [ RunTime:0.000962s ]
INFO: [ app_begin ] --START--
INFO: Run Behavior\ReadHtmlCacheBehavior [ RunTime:0.000849s ]
INFO: [ app_begin ] --END-- [ RunTime:0.001012s ]
INFO: [ view_parse ] --START--
INFO: [ template_filter ] --START--
INFO: Run Behavior\ContentReplaceBehavior [ RunTime:0.000055s ]
INFO: [ template_filter ] --END-- [ RunTime:0.000112s ]
INFO: Run Behavior\ParseTemplateBehavior [ RunTime:0.006465s ]
INFO: [ view_parse ] --END-- [ RunTime:0.006555s ]
INFO: [ view_filter ] --START--
INFO: Run Behavior\WriteHtmlCacheBehavior [ RunTime:0.000252s ]
INFO: [ view_filter ] --END-- [ RunTime:0.000291s ]
INFO: [ app_end ] --START--
INFO: Run Behavior\ShowPageTraceBehavior [ RunTime:0.000481s ]
INFO: [ app_end ] --END-- [ RunTime:0.000521s ]

[ 2014-09-28T18:27:29+08:00 ] ::1 /commission/index.php/Home/Index/checkLogin
INFO: [ app_init ] --START--
INFO: Run Behavior\BuildLiteBehavior [ RunTime:0.000014s ]
INFO: [ app_init ] --END-- [ RunTime:0.000340s ]
INFO: [ app_begin ] --START--
INFO: Run Behavior\ReadHtmlCacheBehavior [ RunTime:0.000438s ]
INFO: [ app_begin ] --END-- [ RunTime:0.000520s ]
SQL: 
            SELECT column_name,data_type,column_default,is_nullable
            FROM   information_schema.tables AS t
            JOIN   information_schema.columns AS c
            ON     t.table_catalog = c.table_catalog
            AND    t.table_schema  = c.table_schema
            AND    t.table_name    = c.table_name
            WHERE  t.table_name = 'commission_login' [ RunTime:0.000961s ]
SQL: SELECT * FROM INFORMATION_SCHEMA.KEY_COLUMN_USAGE WHERE TABLE_NAME='commission_login' [ RunTime:0.000664s ]
NOTIC: [8] Undefined offset: 0 E:\www\commission\ThinkPHP\Library\Think\Db\Driver\Sqlsrv.class.php 第 221 行.
NOTIC: [8] Undefined offset: 0 E:\www\commission\ThinkPHP\Library\Think\Db\Driver\Sqlsrv.class.php 第 221 行.
NOTIC: [8] Undefined offset: 0 E:\www\commission\ThinkPHP\Library\Think\Db\Driver\Sqlsrv.class.php 第 221 行.
NOTIC: [8] Undefined variable: pwd E:\www\commission\Application\Home\Controller\IndexController.class.php 第 21 行.
SQL: SELECT T1.* FROM (SELECT thinkphp.*, ROW_NUMBER() OVER ( ORDER BY rand()) AS ROW_NUMBER FROM (SELECT  * FROM [commission_login] WHERE [name] = 'admin' AND [pwd] = null) AS thinkphp) AS T1 WHERE (T1.ROW_NUMBER BETWEEN 1 AND 1) [ RunTime:0.000296s ]
INFO: [ app_end ] --START--
INFO: Run Behavior\ShowPageTraceBehavior [ RunTime:0.000628s ]
INFO: [ app_end ] --END-- [ RunTime:0.000683s ]

[ 2014-09-28T18:27:46+08:00 ] ::1 /commission/index.php/Home/Index/checkLogin
INFO: [ app_init ] --START--
INFO: Run Behavior\BuildLiteBehavior [ RunTime:0.000013s ]
INFO: [ app_init ] --END-- [ RunTime:0.000332s ]
INFO: [ app_begin ] --START--
INFO: Run Behavior\ReadHtmlCacheBehavior [ RunTime:0.000436s ]
INFO: [ app_begin ] --END-- [ RunTime:0.000514s ]
SQL: 
            SELECT column_name,data_type,column_default,is_nullable
            FROM   information_schema.tables AS t
            JOIN   information_schema.columns AS c
            ON     t.table_catalog = c.table_catalog
            AND    t.table_schema  = c.table_schema
            AND    t.table_name    = c.table_name
            WHERE  t.table_name = 'commission_login' [ RunTime:0.000700s ]
SQL: SELECT * FROM INFORMATION_SCHEMA.KEY_COLUMN_USAGE WHERE TABLE_NAME='commission_login' [ RunTime:0.000463s ]
NOTIC: [8] Undefined offset: 0 E:\www\commission\ThinkPHP\Library\Think\Db\Driver\Sqlsrv.class.php 第 221 行.
NOTIC: [8] Undefined offset: 0 E:\www\commission\ThinkPHP\Library\Think\Db\Driver\Sqlsrv.class.php 第 221 行.
NOTIC: [8] Undefined offset: 0 E:\www\commission\ThinkPHP\Library\Think\Db\Driver\Sqlsrv.class.php 第 221 行.
NOTIC: [8] Undefined variable: pwd E:\www\commission\Application\Home\Controller\IndexController.class.php 第 21 行.
SQL: SELECT T1.* FROM (SELECT thinkphp.*, ROW_NUMBER() OVER ( ORDER BY rand()) AS ROW_NUMBER FROM (SELECT  * FROM [commission_login] WHERE [name] = 'admin' AND [pwd] = null) AS thinkphp) AS T1 WHERE (T1.ROW_NUMBER BETWEEN 1 AND 1) [ RunTime:0.000247s ]

[ 2014-09-28T18:28:34+08:00 ] ::1 /commission/index.php/Home/Index/checkLogin
INFO: [ app_init ] --START--
INFO: Run Behavior\BuildLiteBehavior [ RunTime:0.000015s ]
INFO: [ app_init ] --END-- [ RunTime:0.000529s ]
INFO: [ app_begin ] --START--
INFO: Run Behavior\ReadHtmlCacheBehavior [ RunTime:0.000532s ]
INFO: [ app_begin ] --END-- [ RunTime:0.000613s ]
SQL: 
            SELECT column_name,data_type,column_default,is_nullable
            FROM   information_schema.tables AS t
            JOIN   information_schema.columns AS c
            ON     t.table_catalog = c.table_catalog
            AND    t.table_schema  = c.table_schema
            AND    t.table_name    = c.table_name
            WHERE  t.table_name = 'commission_login' [ RunTime:0.000832s ]
SQL: SELECT * FROM INFORMATION_SCHEMA.KEY_COLUMN_USAGE WHERE TABLE_NAME='commission_login' [ RunTime:0.000432s ]
NOTIC: [8] Undefined offset: 0 E:\www\commission\ThinkPHP\Library\Think\Db\Driver\Sqlsrv.class.php 第 221 行.
NOTIC: [8] Undefined offset: 0 E:\www\commission\ThinkPHP\Library\Think\Db\Driver\Sqlsrv.class.php 第 221 行.
NOTIC: [8] Undefined offset: 0 E:\www\commission\ThinkPHP\Library\Think\Db\Driver\Sqlsrv.class.php 第 221 行.
NOTIC: [8] Undefined variable: pwd E:\www\commission\Application\Home\Controller\IndexController.class.php 第 21 行.
SQL: SELECT T1.* FROM (SELECT thinkphp.*, ROW_NUMBER() OVER ( ORDER BY rand()) AS ROW_NUMBER FROM (SELECT  * FROM [commission_login] WHERE [name] = 'admin' AND [pwd] = null) AS thinkphp) AS T1 WHERE (T1.ROW_NUMBER BETWEEN 1 AND 1) [ RunTime:0.000237s ]

[ 2014-09-28T18:28:54+08:00 ] ::1 /commission/index.php/Home/Index/checkLogin
INFO: [ app_init ] --START--
INFO: Run Behavior\BuildLiteBehavior [ RunTime:0.000019s ]
INFO: [ app_init ] --END-- [ RunTime:0.000484s ]
INFO: [ app_begin ] --START--
INFO: Run Behavior\ReadHtmlCacheBehavior [ RunTime:0.000699s ]
INFO: [ app_begin ] --END-- [ RunTime:0.000785s ]
SQL: 
            SELECT column_name,data_type,column_default,is_nullable
            FROM   information_schema.tables AS t
            JOIN   information_schema.columns AS c
            ON     t.table_catalog = c.table_catalog
            AND    t.table_schema  = c.table_schema
            AND    t.table_name    = c.table_name
            WHERE  t.table_name = 'commission_login' [ RunTime:0.000798s ]
SQL: SELECT * FROM INFORMATION_SCHEMA.KEY_COLUMN_USAGE WHERE TABLE_NAME='commission_login' [ RunTime:0.000463s ]
NOTIC: [8] Undefined offset: 0 E:\www\commission\ThinkPHP\Library\Think\Db\Driver\Sqlsrv.class.php 第 221 行.
NOTIC: [8] Undefined offset: 0 E:\www\commission\ThinkPHP\Library\Think\Db\Driver\Sqlsrv.class.php 第 221 行.
NOTIC: [8] Undefined offset: 0 E:\www\commission\ThinkPHP\Library\Think\Db\Driver\Sqlsrv.class.php 第 221 行.
NOTIC: [8] Undefined variable: pwd E:\www\commission\Application\Home\Controller\IndexController.class.php 第 21 行.
SQL: SELECT T1.* FROM (SELECT thinkphp.*, ROW_NUMBER() OVER ( ORDER BY rand()) AS ROW_NUMBER FROM (SELECT  * FROM [commission_login] WHERE [name] = 'admin' AND [pwd] = null) AS thinkphp) AS T1 WHERE (T1.ROW_NUMBER BETWEEN 1 AND 1) [ RunTime:0.000220s ]

[ 2014-09-28T18:29:38+08:00 ] ::1 /commission/index.php/Home/Index/checkLogin
INFO: [ app_init ] --START--
INFO: Run Behavior\BuildLiteBehavior [ RunTime:0.000019s ]
INFO: [ app_init ] --END-- [ RunTime:0.000606s ]
INFO: [ app_begin ] --START--
INFO: Run Behavior\ReadHtmlCacheBehavior [ RunTime:0.000550s ]
INFO: [ app_begin ] --END-- [ RunTime:0.000641s ]
SQL: 
            SELECT column_name,data_type,column_default,is_nullable
            FROM   information_schema.tables AS t
            JOIN   information_schema.columns AS c
            ON     t.table_catalog = c.table_catalog
            AND    t.table_schema  = c.table_schema
            AND    t.table_name    = c.table_name
            WHERE  t.table_name = 'commission_login' [ RunTime:0.000715s ]
SQL: SELECT * FROM INFORMATION_SCHEMA.KEY_COLUMN_USAGE WHERE TABLE_NAME='commission_login' [ RunTime:0.000527s ]
NOTIC: [8] Undefined offset: 0 E:\www\commission\ThinkPHP\Library\Think\Db\Driver\Sqlsrv.class.php 第 221 行.
NOTIC: [8] Undefined offset: 0 E:\www\commission\ThinkPHP\Library\Think\Db\Driver\Sqlsrv.class.php 第 221 行.
NOTIC: [8] Undefined offset: 0 E:\www\commission\ThinkPHP\Library\Think\Db\Driver\Sqlsrv.class.php 第 221 行.
SQL: SELECT T1.* FROM (SELECT thinkphp.*, ROW_NUMBER() OVER ( ORDER BY rand()) AS ROW_NUMBER FROM (SELECT  * FROM [commission_login] WHERE [name] = 'admin' AND [pwd] = '21232f297a57a5a743894a0e4a801fc3') AS thinkphp) AS T1 WHERE (T1.ROW_NUMBER BETWEEN 1 AND 1) [ RunTime:0.000350s ]

[ 2014-09-28T18:29:51+08:00 ] ::1 /commission/index.php/Home/Index/checkLogin
INFO: [ app_init ] --START--
INFO: Run Behavior\BuildLiteBehavior [ RunTime:0.000013s ]
INFO: [ app_init ] --END-- [ RunTime:0.000367s ]
INFO: [ app_begin ] --START--
INFO: Run Behavior\ReadHtmlCacheBehavior [ RunTime:0.000431s ]
INFO: [ app_begin ] --END-- [ RunTime:0.000492s ]
SQL: 
            SELECT column_name,data_type,column_default,is_nullable
            FROM   information_schema.tables AS t
            JOIN   information_schema.columns AS c
            ON     t.table_catalog = c.table_catalog
            AND    t.table_schema  = c.table_schema
            AND    t.table_name    = c.table_name
            WHERE  t.table_name = 'commission_login' [ RunTime:0.000707s ]
SQL: SELECT * FROM INFORMATION_SCHEMA.KEY_COLUMN_USAGE WHERE TABLE_NAME='commission_login' [ RunTime:0.000381s ]
NOTIC: [8] Undefined offset: 0 E:\www\commission\ThinkPHP\Library\Think\Db\Driver\Sqlsrv.class.php 第 221 行.
NOTIC: [8] Undefined offset: 0 E:\www\commission\ThinkPHP\Library\Think\Db\Driver\Sqlsrv.class.php 第 221 行.
NOTIC: [8] Undefined offset: 0 E:\www\commission\ThinkPHP\Library\Think\Db\Driver\Sqlsrv.class.php 第 221 行.
SQL: SELECT T1.* FROM (SELECT thinkphp.*, ROW_NUMBER() OVER ( ORDER BY rand()) AS ROW_NUMBER FROM (SELECT  * FROM [commission_login] WHERE [name] = 'admin' AND [pwd] = '21232f297a57a5a743894a0e4a801fc3') AS thinkphp) AS T1 WHERE (T1.ROW_NUMBER BETWEEN 1 AND 1) [ RunTime:0.000248s ]

[ 2014-09-28T18:29:51+08:00 ] ::1 /commission/index.php/Home/Index/loadHomePage
INFO: [ app_init ] --START--
INFO: Run Behavior\BuildLiteBehavior [ RunTime:0.000014s ]
INFO: [ app_init ] --END-- [ RunTime:0.000394s ]
INFO: [ app_begin ] --START--
INFO: Run Behavior\ReadHtmlCacheBehavior [ RunTime:0.000467s ]
INFO: [ app_begin ] --END-- [ RunTime:0.000541s ]
INFO: [ view_parse ] --START--
INFO: [ template_filter ] --START--
INFO: Run Behavior\ContentReplaceBehavior [ RunTime:0.000075s ]
INFO: [ template_filter ] --END-- [ RunTime:0.000156s ]
INFO: Run Behavior\ParseTemplateBehavior [ RunTime:0.007224s ]
INFO: [ view_parse ] --END-- [ RunTime:0.007291s ]
INFO: [ view_filter ] --START--
INFO: Run Behavior\WriteHtmlCacheBehavior [ RunTime:0.000264s ]
INFO: [ view_filter ] --END-- [ RunTime:0.000305s ]
INFO: [ app_end ] --START--
INFO: Run Behavior\ShowPageTraceBehavior [ RunTime:0.000481s ]
INFO: [ app_end ] --END-- [ RunTime:0.000522s ]

[ 2014-09-28T18:29:55+08:00 ] ::1 /commission/index.php/Home/Index/checkLogin
INFO: [ app_init ] --START--
INFO: Run Behavior\BuildLiteBehavior [ RunTime:0.000014s ]
INFO: [ app_init ] --END-- [ RunTime:0.000369s ]
INFO: [ app_begin ] --START--
INFO: Run Behavior\ReadHtmlCacheBehavior [ RunTime:0.000456s ]
INFO: [ app_begin ] --END-- [ RunTime:0.000519s ]
SQL: 
            SELECT column_name,data_type,column_default,is_nullable
            FROM   information_schema.tables AS t
            JOIN   information_schema.columns AS c
            ON     t.table_catalog = c.table_catalog
            AND    t.table_schema  = c.table_schema
            AND    t.table_name    = c.table_name
            WHERE  t.table_name = 'commission_login' [ RunTime:0.000663s ]
SQL: SELECT * FROM INFORMATION_SCHEMA.KEY_COLUMN_USAGE WHERE TABLE_NAME='commission_login' [ RunTime:0.000376s ]
NOTIC: [8] Undefined offset: 0 E:\www\commission\ThinkPHP\Library\Think\Db\Driver\Sqlsrv.class.php 第 221 行.
NOTIC: [8] Undefined offset: 0 E:\www\commission\ThinkPHP\Library\Think\Db\Driver\Sqlsrv.class.php 第 221 行.
NOTIC: [8] Undefined offset: 0 E:\www\commission\ThinkPHP\Library\Think\Db\Driver\Sqlsrv.class.php 第 221 行.
SQL: SELECT T1.* FROM (SELECT thinkphp.*, ROW_NUMBER() OVER ( ORDER BY rand()) AS ROW_NUMBER FROM (SELECT  * FROM [commission_login] WHERE [name] = 'admin' AND [pwd] = 'c91c03ea6c46a86cbc019be3d71d0a1a') AS thinkphp) AS T1 WHERE (T1.ROW_NUMBER BETWEEN 1 AND 1) [ RunTime:0.003316s ]
INFO: [ app_end ] --START--
INFO: Run Behavior\ShowPageTraceBehavior [ RunTime:0.000556s ]
INFO: [ app_end ] --END-- [ RunTime:0.000598s ]

[ 2014-09-28T18:30:13+08:00 ] ::1 /commission/index.php/Home/Index/checkLogin
INFO: [ app_init ] --START--
INFO: Run Behavior\BuildLiteBehavior [ RunTime:0.000016s ]
INFO: [ app_init ] --END-- [ RunTime:0.000425s ]
INFO: [ app_begin ] --START--
INFO: Run Behavior\ReadHtmlCacheBehavior [ RunTime:0.000698s ]
INFO: [ app_begin ] --END-- [ RunTime:0.000821s ]
SQL: 
            SELECT column_name,data_type,column_default,is_nullable
            FROM   information_schema.tables AS t
            JOIN   information_schema.columns AS c
            ON     t.table_catalog = c.table_catalog
            AND    t.table_schema  = c.table_schema
            AND    t.table_name    = c.table_name
            WHERE  t.table_name = 'commission_login' [ RunTime:0.000712s ]
SQL: SELECT * FROM INFORMATION_SCHEMA.KEY_COLUMN_USAGE WHERE TABLE_NAME='commission_login' [ RunTime:0.000391s ]
NOTIC: [8] Undefined offset: 0 E:\www\commission\ThinkPHP\Library\Think\Db\Driver\Sqlsrv.class.php 第 221 行.
NOTIC: [8] Undefined offset: 0 E:\www\commission\ThinkPHP\Library\Think\Db\Driver\Sqlsrv.class.php 第 221 行.
NOTIC: [8] Undefined offset: 0 E:\www\commission\ThinkPHP\Library\Think\Db\Driver\Sqlsrv.class.php 第 221 行.
SQL: SELECT T1.* FROM (SELECT thinkphp.*, ROW_NUMBER() OVER ( ORDER BY rand()) AS ROW_NUMBER FROM (SELECT  * FROM [commission_login] WHERE [name] = 'admin' AND [pwd] = 'd14fc112dc0bb6acd5306af16272d711') AS thinkphp) AS T1 WHERE (T1.ROW_NUMBER BETWEEN 1 AND 1) [ RunTime:0.003264s ]

[ 2014-09-28T18:30:24+08:00 ] ::1 /commission/index.php/Home/Index/checkLogin
INFO: [ app_init ] --START--
INFO: Run Behavior\BuildLiteBehavior [ RunTime:0.000014s ]
INFO: [ app_init ] --END-- [ RunTime:0.000321s ]
INFO: [ app_begin ] --START--
INFO: Run Behavior\ReadHtmlCacheBehavior [ RunTime:0.000405s ]
INFO: [ app_begin ] --END-- [ RunTime:0.000450s ]
SQL: 
            SELECT column_name,data_type,column_default,is_nullable
            FROM   information_schema.tables AS t
            JOIN   information_schema.columns AS c
            ON     t.table_catalog = c.table_catalog
            AND    t.table_schema  = c.table_schema
            AND    t.table_name    = c.table_name
            WHERE  t.table_name = 'commission_login' [ RunTime:0.000707s ]
SQL: SELECT * FROM INFORMATION_SCHEMA.KEY_COLUMN_USAGE WHERE TABLE_NAME='commission_login' [ RunTime:0.000466s ]
NOTIC: [8] Undefined offset: 0 E:\www\commission\ThinkPHP\Library\Think\Db\Driver\Sqlsrv.class.php 第 221 行.
NOTIC: [8] Undefined offset: 0 E:\www\commission\ThinkPHP\Library\Think\Db\Driver\Sqlsrv.class.php 第 221 行.
NOTIC: [8] Undefined offset: 0 E:\www\commission\ThinkPHP\Library\Think\Db\Driver\Sqlsrv.class.php 第 221 行.
SQL: SELECT T1.* FROM (SELECT thinkphp.*, ROW_NUMBER() OVER ( ORDER BY rand()) AS ROW_NUMBER FROM (SELECT  * FROM [commission_login] WHERE [name] = 'admin' AND [pwd] = 'd14fc112dc0bb6acd5306af16272d711') AS thinkphp) AS T1 WHERE (T1.ROW_NUMBER BETWEEN 1 AND 1) [ RunTime:0.000263s ]

[ 2014-09-28T18:32:27+08:00 ] ::1 /commission/index.php/Home/Index/checkLogin
INFO: [ app_init ] --START--
INFO: Run Behavior\BuildLiteBehavior [ RunTime:0.000016s ]
INFO: [ app_init ] --END-- [ RunTime:0.000449s ]
INFO: [ app_begin ] --START--
INFO: Run Behavior\ReadHtmlCacheBehavior [ RunTime:0.000515s ]
INFO: [ app_begin ] --END-- [ RunTime:0.000575s ]
SQL: 
            SELECT column_name,data_type,column_default,is_nullable
            FROM   information_schema.tables AS t
            JOIN   information_schema.columns AS c
            ON     t.table_catalog = c.table_catalog
            AND    t.table_schema  = c.table_schema
            AND    t.table_name    = c.table_name
            WHERE  t.table_name = 'commission_login' [ RunTime:0.000788s ]
SQL: SELECT * FROM INFORMATION_SCHEMA.KEY_COLUMN_USAGE WHERE TABLE_NAME='commission_login' [ RunTime:0.000437s ]
NOTIC: [8] Undefined offset: 0 E:\www\commission\ThinkPHP\Library\Think\Db\Driver\Sqlsrv.class.php 第 221 行.
NOTIC: [8] Undefined offset: 0 E:\www\commission\ThinkPHP\Library\Think\Db\Driver\Sqlsrv.class.php 第 221 行.
NOTIC: [8] Undefined offset: 0 E:\www\commission\ThinkPHP\Library\Think\Db\Driver\Sqlsrv.class.php 第 221 行.
SQL: SELECT T1.* FROM (SELECT thinkphp.*, ROW_NUMBER() OVER ( ORDER BY rand()) AS ROW_NUMBER FROM (SELECT  * FROM [commission_login] WHERE [name] = '1' AND [pwd] = 'c4ca4238a0b923820dcc509a6f75849b') AS thinkphp) AS T1 WHERE (T1.ROW_NUMBER BETWEEN 1 AND 1) [ RunTime:0.003142s ]

[ 2014-09-28T18:32:47+08:00 ] ::1 /commission/
INFO: [ app_init ] --START--
INFO: Run Behavior\BuildLiteBehavior [ RunTime:0.000019s ]
INFO: [ app_init ] --END-- [ RunTime:0.000511s ]
INFO: [ app_begin ] --START--
INFO: Run Behavior\ReadHtmlCacheBehavior [ RunTime:0.001324s ]
INFO: [ app_begin ] --END-- [ RunTime:0.001584s ]
INFO: [ view_parse ] --START--
INFO: [ template_filter ] --START--
INFO: Run Behavior\ContentReplaceBehavior [ RunTime:0.000082s ]
INFO: [ template_filter ] --END-- [ RunTime:0.000183s ]
INFO: Run Behavior\ParseTemplateBehavior [ RunTime:0.010036s ]
INFO: [ view_parse ] --END-- [ RunTime:0.010238s ]
INFO: [ view_filter ] --START--
INFO: Run Behavior\WriteHtmlCacheBehavior [ RunTime:0.000381s ]
INFO: [ view_filter ] --END-- [ RunTime:0.000435s ]
INFO: [ app_end ] --START--
INFO: Run Behavior\ShowPageTraceBehavior [ RunTime:0.000641s ]
INFO: [ app_end ] --END-- [ RunTime:0.000711s ]

[ 2014-09-28T18:32:53+08:00 ] ::1 /commission/index.php/Home/Index/checkLogin
INFO: [ app_init ] --START--
INFO: Run Behavior\BuildLiteBehavior [ RunTime:0.000015s ]
INFO: [ app_init ] --END-- [ RunTime:0.000366s ]
INFO: [ app_begin ] --START--
INFO: Run Behavior\ReadHtmlCacheBehavior [ RunTime:0.000455s ]
INFO: [ app_begin ] --END-- [ RunTime:0.000513s ]
SQL: 
            SELECT column_name,data_type,column_default,is_nullable
            FROM   information_schema.tables AS t
            JOIN   information_schema.columns AS c
            ON     t.table_catalog = c.table_catalog
            AND    t.table_schema  = c.table_schema
            AND    t.table_name    = c.table_name
            WHERE  t.table_name = 'commission_login' [ RunTime:0.001152s ]
SQL: SELECT * FROM INFORMATION_SCHEMA.KEY_COLUMN_USAGE WHERE TABLE_NAME='commission_login' [ RunTime:0.000394s ]
NOTIC: [8] Undefined offset: 0 E:\www\commission\ThinkPHP\Library\Think\Db\Driver\Sqlsrv.class.php 第 221 行.
NOTIC: [8] Undefined offset: 0 E:\www\commission\ThinkPHP\Library\Think\Db\Driver\Sqlsrv.class.php 第 221 行.
NOTIC: [8] Undefined offset: 0 E:\www\commission\ThinkPHP\Library\Think\Db\Driver\Sqlsrv.class.php 第 221 行.
SQL: SELECT T1.* FROM (SELECT thinkphp.*, ROW_NUMBER() OVER ( ORDER BY rand()) AS ROW_NUMBER FROM (SELECT  * FROM [commission_login] WHERE [name] = 'admin' AND [pwd] = 'b0baee9d279d34fa1dfd71aadb908c3f') AS thinkphp) AS T1 WHERE (T1.ROW_NUMBER BETWEEN 1 AND 1) [ RunTime:0.003016s ]

[ 2014-09-28T18:36:37+08:00 ] ::1 /commission/
INFO: [ app_init ] --START--
INFO: Run Behavior\BuildLiteBehavior [ RunTime:0.000015s ]
INFO: [ app_init ] --END-- [ RunTime:0.000433s ]
INFO: [ app_begin ] --START--
INFO: Run Behavior\ReadHtmlCacheBehavior [ RunTime:0.000560s ]
INFO: [ app_begin ] --END-- [ RunTime:0.000633s ]
INFO: [ view_parse ] --START--
INFO: [ template_filter ] --START--
INFO: Run Behavior\ContentReplaceBehavior [ RunTime:0.000188s ]
INFO: [ template_filter ] --END-- [ RunTime:0.000414s ]
INFO: Run Behavior\ParseTemplateBehavior [ RunTime:0.018354s ]
INFO: [ view_parse ] --END-- [ RunTime:0.018438s ]
INFO: [ view_filter ] --START--
INFO: Run Behavior\WriteHtmlCacheBehavior [ RunTime:0.000259s ]
INFO: [ view_filter ] --END-- [ RunTime:0.000299s ]
INFO: [ app_end ] --START--
INFO: Run Behavior\ShowPageTraceBehavior [ RunTime:0.000513s ]
INFO: [ app_end ] --END-- [ RunTime:0.000578s ]

[ 2014-09-28T18:38:17+08:00 ] ::1 /commission/
INFO: [ app_init ] --START--
INFO: Run Behavior\BuildLiteBehavior [ RunTime:0.000021s ]
INFO: [ app_init ] --END-- [ RunTime:0.000500s ]
INFO: [ app_begin ] --START--
INFO: Run Behavior\ReadHtmlCacheBehavior [ RunTime:0.000469s ]
INFO: [ app_begin ] --END-- [ RunTime:0.000538s ]
INFO: [ view_parse ] --START--
INFO: [ template_filter ] --START--
INFO: Run Behavior\ContentReplaceBehavior [ RunTime:0.000075s ]
INFO: [ template_filter ] --END-- [ RunTime:0.000161s ]
INFO: Run Behavior\ParseTemplateBehavior [ RunTime:0.019286s ]
INFO: [ view_parse ] --END-- [ RunTime:0.019381s ]
INFO: [ view_filter ] --START--
INFO: Run Behavior\WriteHtmlCacheBehavior [ RunTime:0.000201s ]
INFO: [ view_filter ] --END-- [ RunTime:0.000242s ]
INFO: [ app_end ] --START--
INFO: Run Behavior\ShowPageTraceBehavior [ RunTime:0.000492s ]
INFO: [ app_end ] --END-- [ RunTime:0.000568s ]

